
<= [2026-02-26 11:58:58.878]: Connected.. 
Send Update

<= [2026-02-26 11:59:02.281]: IAP_INFO 
OTA Send Comp 

<= [2026-02-26 11:59:07.100]: IAP_ERASE start:00037000 num:40
ERASE:00037000 num:0
ERASE:00038000 num:1
ERASE:00039000 num:2
ERASE:0003a000 num:3
ERASE:0003b000 num:4
ERASE:0003c000 num:5
ERASE:0003d000 num:6
ERASE:0003e000 num:7
ERASE:0003f000 num:8
ERASE:00040000 num:9
ERASE:00041000 num:10
ERASE:00042000 num:11
ERASE:00043000 num:12
ERASE:00044000 num:13
ERASE:00045000 num:14
ERASE:00046000 num:15
ERASE:00047000 num:16
ERASE:00048000 num:17
ERASE:00049000 num:18
ERASE:0004a000 num:19
ERASE:0004b000 num:20
ERASE:0004c000 num:21
ERASE:0004d000 num:22
ERASE:0004e000 num:23
ERASE:0004f000 num:24
ERASE:00050000 num:25
ERASE:00051000 num:26
ERASE:00052000 num:27
ERASE:00053000 num:28
ERASE:00054000 num:29
ERASE:00055000 num:30
ERASE:00056000 num:31
ERASE:00057000 num:32
ERASE:00058000 num:33
ERASE:00059000 num:34
ERASE:0005a000 num:35
ERASE:0005b000 num:36
ERASE:0005c000 num:37
ERASE:0005d000 num:38
ERASE:0005e000 num:39
ERASE Complete

<= [2026-02-26 11:59:08.101]: OTA Send Comp 
IAP_PROM: 00037000 len:240 
IAP_PROM: 000370f0 len:240 
IAP_PROM: 000371e0 len:240 
IAP_PROM: 000372d0 len:240 
IAP_PROM: 000373c0 len:240 
IAP_PROM: 000374b0 len:240 
IAP_PROM: 000375a0 len:240 
IAP_PROM: 00037690 len:240 
IAP_PROM: 00037780 len:240 
IAP_PROM: 00037870 len:240 
IAP_PROM: 00037960 len:240 
IAP_PROM: 00037a50 len:240 
IAP_PROM: 00037b40 len:240 
IAP_PROM: 00037c30 len:240 
IAP_PROM: 00037d20 len:240 
IAP_PROM: 00037e10 len:240 
IAP_PROM: 00037f00 len:240 
IAP_PROM: 00037ff0 len:240 
IAP_PROM: 000380e0 len:240 
IAP_PROM: 000381d0 len:240 
IAP_PROM: 000382c0 len:240 
IAP_PROM: 000383b0 len:240 
IAP_PROM: 000384a0 len:240 
IAP_PROM: 00038590 len:240 
IAP_PROM: 00038680 len:240 
IAP_PROM: 00038770 len:240 
IAP_PROM: 00038860 len:240 
IAP_PROM: 00038950 len:240 
IAP_PROM: 00038a40 len:240 
IAP_PROM: 00038b30 len:240 
IAP_PROM: 00038c20 len:240 
IAP_PROM: 00038d10 len:240 
IAP_PROM: 00038e00 len:240 
IAP_PROM: 00038ef0 len:240 
IAP_PROM: 00038fe0 len:240 
IAP_PROM: 000390d0 len:240 
IAP_PROM: 000391c0 len:240 
IAP_PROM: 000392b0 len:240 
IAP_PROM: 000393a0 len:240 
IAP_PROM: 00039490 len:240 
IAP_PROM: 00039580 len:240 
IAP_PROM: 00039670 len:240 
IAP_PROM: 00039760 len:240 
IAP_PROM: 00039850 len:240 
IAP_PROM: 00039940 len:240 
IAP_PROM: 00039a30 len:240 
IAP_PROM: 00039b20 len:240 
IAP_PROM: 00039c10 len:240 
IAP_PROM: 00039d00 len:240 
IAP_PROM: 00039df0 len:240 
IAP_PROM: 00039ee0 len:240 
IAP_PROM: 00039fd0 len:240 
IAP_PROM: 0003a0c0 len:240 
IAP_PROM: 0003a1b0 len:240 
IAP_PROM: 0003a2a0 len:240 
IAP_PROM: 0003a390 len:240 
IAP_PROM: 0003a480 len:240 
IAP_PROM: 0003a570 len:240 
IAP_PROM: 0003a660 len:240 
IAP_PROM: 0003a750 len:240 
IAP_PROM: 0003a840 len:240 
IAP_PROM: 0003a930 len:240 
IAP_PROM: 0003aa20 len:240 
IAP_PROM: 0003ab10 len:240 
IAP_PROM: 0003ac00 len:240 
IAP_PROM: 0003acf0 len:240 
IAP_PROM: 0003ade0 len:240 
IAP_PROM: 0003aed0 len:240 
IAP_PROM: 0003afc0 len:240 
IAP_PROM: 0003b0b0 len:240 
IAP_PROM: 0003b1a0 len:240 
IAP_PROM: 0003b290 len:240 
IAP_PROM: 0003b380 len:240 
IAP_PROM: 0003b470 len:240 
IAP_PROM: 0003b560 len:240 
IAP_PROM: 0003b650 len:240 
IAP_PROM: 0003b740 len:240 
IAP_PROM: 0003b830 len:240 
IAP_PROM: 0003b920 len:240 
IAP_PROM: 0003ba10 len:240 
IAP_PROM: 0003bb00 len:240 
IAP_PROM: 0003bbf0 len:240 
IAP_PROM: 0003bce0 len:240 
IAP_PROM: 0003bdd0 len:240 
IAP_PROM: 0003bec0 len:240 
IAP_PROM: 0003bfb0 len:240 
IAP_PROM: 0003c0a0 len:240 
IAP_PROM: 0003c190 len:240 
IAP_PROM: 0003c280 len:240 
IAP_PROM: 0003c370 len:240 
IAP_PROM: 0003c460 len:240 
IAP_PROM: 0003c550 len:240 
IAP_PROM: 0003c640 len:240 
IAP_PROM: 0003c730 len:240 
IAP_PROM: 0003c820 len:240 
IAP_PROM: 0003c910 len:240 
IAP_PROM: 0003ca00 len:240 
IAP_PROM: 0003caf0 len:240 
IAP_PROM: 0003cbe0 len:240 
IAP_PROM: 0003ccd0 len:240 
IAP_PROM: 0003cdc0 len:240 
IAP_PROM: 0003ceb0 len:240 
IAP_PROM: 0003cfa0 len:240 
IAP_PROM: 0003d090 len:240 
IAP_PROM: 0003d180 len:240 
IAP_PROM: 0003d270 len:240 
IAP_PROM: 0003d360 len:240 
IAP_PROM: 0003d450 len:240 
IAP_PROM: 0003d540 len:240 
IAP_PROM: 0003d630 len:240 
IAP_PROM: 0003d720 len:240 
IAP_PROM: 0003d810 len:240 
IAP_PROM: 0003d900 len:240 
IAP_PROM: 0003d9f0 len:240 
IAP_PROM: 0003dae0 len:240 
IAP_PROM: 0003dbd0 len:240 
IAP_PROM: 0003dcc0 len:240 
IAP_PROM: 0003ddb0 len:240 
IAP_PROM: 0003dea0 len:240 
IAP_PROM: 0003df90 len:240 
IAP_PROM: 0003e080 len:240 
IAP_PROM: 0003e170 len:240 
IAP_PROM: 0003e260 len:240 
IAP_PROM: 0003e350 len:240 
IAP_PROM: 0003e440 len:240 
IAP_PROM: 0003e530 len:240 
IAP_PROM: 0003e620 len:240 
IAP_PROM: 0003e710 len:240 
IAP_PROM: 0003e800 len:240 
IAP_PROM: 0003e8f0 len:240 
IAP_PROM: 0003e9e0 len:240 
IAP_PROM: 0003ead0 len:240 
IAP_PROM: 0003ebc0 len:240 
IAP_PROM: 0003ecb0 len:240 
IAP_PROM: 0003eda0 len:240 
IAP_PROM: 0003ee90 len:240 
IAP_PROM: 0003ef80 len:240 
IAP_PROM: 0003f070 len:240 
IAP_PROM: 0003f160 len:240 
IAP_PROM: 0003f250 len:240 
IAP_PROM: 0003f340 len:240 
IAP_PROM: 0003f430 len:240 
IAP_PROM: 0003f520 len:240 
IAP_PROM: 0003f610 len:240 
IAP_PROM: 0003f700 len:240 
IAP_PROM: 0003f7f0 len:240 
IAP_PROM: 0003f8e0 len:240 
IAP_PROM: 0003f9d0 len:240 
IAP_PROM: 0003fac0 len:240 
IAP_PROM: 0003fbb0 len:240 
IAP_PROM: 0003fca0 len:240 
IAP_PROM: 0003fd90 len:240 
IAP_PROM: 0003fe80 len:240 
IAP_PROM: 0003ff70 len:240 
IAP_PROM: 00040060 len:240 
IAP_PROM: 00040150 len:240 
IAP_PROM: 00040240 len:240 
IAP_PROM: 00040330 len:240 
IAP_PROM: 00040420 len:240 
IAP_PROM: 00040510 len:240 
IAP_PROM: 00040600 len:240 
IAP_PROM: 000406f0 len:240 
IAP_PROM: 000407e0 len:240 
IAP_PROM: 000408d0 len:240 
IAP_PROM: 000409c0 len:240 
IAP_PROM: 00040ab0 len:240 
IAP_PROM: 00040ba0 len:240 
IAP_PROM: 00040c90 len:240 
IAP_PROM: 00040d80 len:240 
IAP_PROM: 00040e70 len:240 
IAP_PROM: 00040f60 len:240 
IAP_PROM: 00041050 len:240 
IAP_PROM: 00041140 len:240 
IAP_PROM: 00041230 len:240 
IAP_PROM: 00041320 len:240 
IAP_PROM: 00041410 len:240 
IAP_PROM: 00041500 len:240 
IAP_PROM: 000415f0 len:240 
IAP_PROM: 000416e0 len:240 
IAP_PROM: 000417d0 len:240 
IAP_PROM: 000418c0 len:240 
IAP_PROM: 000419b0 len:240 
IAP_PROM: 00041aa0 len:240 
IAP_PROM: 00041b90 len:240 
IAP_PROM: 00041c80 len:240 
IAP_PROM: 00041d70 len:240 
IAP_PROM: 00041e60 len:240 
IAP_PROM: 00041f50 len:240 
IAP_PROM: 00042040 len:240 
IAP_PROM: 00042130 len:240 
IAP_PROM: 00042220 len:240 
IAP_PROM: 00042310 len:240 
IAP_PROM: 00042400 len:240 
IAP_PROM: 000424f0 len:240 
IAP_PROM: 000425e0 len:240 
IAP_PROM: 000426d0 len:240 
IAP_PROM: 000427c0 len:240 
IAP_PROM: 000428b0 len:240 
IAP_PROM: 000429a0 len:240 
IAP_PROM: 00042a90 len:240 
IAP_PROM: 00042b80 len:240 
IAP_PROM: 00042c70 len:240 
IAP_PROM: 00042d60 len:240 
IAP_PROM: 00042e50 len:240 
IAP_PROM: 00042f40 len:240 
IAP_PROM: 00043030 len:240 
IAP_PROM: 00043120 len:240 
IAP_PROM: 00043210 len:240 
IAP_PROM: 00043300 len:240 
IAP_PROM: 000433f0 len:240 
IAP_PROM: 000434e0 len:240 
IAP_PROM: 000435d0 len:240 
IAP_PROM: 000436c0 len:240 
IAP_PROM: 000437b0 len:240 
IAP_PROM: 000438a0 len:240 
IAP_PROM: 00043990 len:240 
IAP_PROM: 00043a80 len:240 
IAP_PROM: 00043b70 len:240 
IAP_PROM: 00043c60 len:240 
IAP_PROM: 00043d50 len:240 
IAP_PROM: 00043e40 len:240 
IAP_PROM: 00043f30 len:240 
IAP_PROM: 00044020 len:240 
IAP_PROM: 00044110 len:240 
IAP_PROM: 00044200 len:240 
IAP_PROM: 000442f0 len:240 
IAP_PROM: 000443e0 len:240 
IAP_PROM: 000444d0 len:240 
IAP_PROM: 000445c0 len:240 
IAP_PROM: 000446b0 len:240 
IAP_PROM: 000447a0 len:240 
IAP_PROM: 00044890 len:240 
IAP_PROM: 00044980 len:240 
IAP_PROM: 00044a70 len:240 
IAP_PROM: 00044b60 len:240 
IAP_PROM: 00044c50 len:240 
IAP_PROM: 00044d40 len:240 
IAP_PROM: 00044e30 len:240 
IAP_PROM: 00044f20 len:240 
IAP_PROM: 00045010 len:240 
IAP_PROM: 00045100 len:240 
IAP_PROM: 000451f0 len:240 
IAP_PROM: 000452e0 len:240 
IAP_PROM: 000453d0 len:240 
IAP_PROM: 000454c0 len:240 
IAP_PROM: 000455b0 len:240 
IAP_PROM: 000456a0 len:240 
IAP_PROM: 00045790 len:240 
IAP_PROM: 00045880 len:240 
IAP_PROM: 00045970 len:240 
IAP_PROM: 00045a60 len:240 
IAP_PROM: 00045b50 len:240 
IAP_PROM: 00045c40 len:240 
IAP_PROM: 00045d30 len:240 
IAP_PROM: 00045e20 len:240 
IAP_PROM: 00045f10 len:240 
IAP_PROM: 00046000 len:240 
IAP_PROM: 000460f0 len:240 
IAP_PROM: 000461e0 len:240 
IAP_PROM: 000462d0 len:240 
IAP_PROM: 000463c0 len:240 
IAP_PROM: 000464b0 len:240 
IAP_PROM: 000465a0 len:240 
IAP_PROM: 00046690 len:240 
IAP_PROM: 00046780 len:240 
IAP_PROM: 00046870 len:240 
IAP_PROM: 00046960 len:240 
IAP_PROM: 00046a50 len:240 
IAP_PROM: 00046b40 len:240 
IAP_PROM: 00046c30 len:240 
IAP_PROM: 00046d20 len:240 
IAP_PROM: 00046e10 len:240 
IAP_PROM: 00046f00 len:240 
IAP_PROM: 00046ff0 len:240 
IAP_PROM: 000470e0 len:240 
IAP_PROM: 000471d0 len:240 
IAP_PROM: 000472c0 len:240 
IAP_PROM: 000473b0 len:240 
IAP_PROM: 000474a0 len:240 
IAP_PROM: 00047590 len:240 
IAP_PROM: 00047680 len:240 
IAP_PROM: 00047770 len:240 
IAP_PROM: 00047860 len:240 
IAP_PROM: 00047950 len:240 
IAP_PROM: 00047a40 len:240 
IAP_PROM: 00047b30 len:240 
IAP_PROM: 00047c20 len:240 
IAP_PROM: 00047d10 len:240 
IAP_PROM: 00047e00 len:240 
IAP_PROM: 00047ef0 len:240 
IAP_PROM: 00047fe0 len:240 
IAP_PROM: 000480d0 len:240 
IAP_PROM: 000481c0 len:240 
IAP_PROM: 000482b0 len:240 
IAP_PROM: 000483a0 len:240 
IAP_PROM: 00048490 len:240 
IAP_PROM: 00048580 len:240 
IAP_PROM: 00048670 len:240 
IAP_PROM: 00048760 len:240 
IAP_PROM: 00048850 len:240 
IAP_PROM: 00048940 len:240 
IAP_PROM: 00048a30 len:240 
IAP_PROM: 00048b20 len:240 
IAP_PROM: 00048c10 len:240 
IAP_PROM: 00048d00 len:240 
IAP_PROM: 00048df0 len:240 
IAP_PROM: 00048ee0 len:240 
IAP_PROM: 00048fd0 len:240 
IAP_PROM: 000490c0 len:240 
IAP_PROM: 000491b0 len:240 
IAP_PROM: 000492a0 len:240 
IAP_PROM: 00049390 len:240 
IAP_PROM: 00049480 len:240 
IAP_PROM: 00049570 len:240 
IAP_PROM: 00049660 len:240 
IAP_PROM: 00049750 len:240 
IAP_PROM: 00049840 len:240 
IAP_PROM: 00049930 len:240 
IAP_PROM: 00049a20 len:240 
IAP_PROM: 00049b10 len:240 
IAP_PROM: 00049c00 len:240 
IAP_PROM: 00049cf0 len:240 
IAP_PROM: 00049de0 len:240 
IAP_PROM: 00049ed0 len:240 
IAP_PROM: 00049fc0 len:240 
IAP_PROM: 0004a0b0 len:240 
IAP_PROM: 0004a1a0 len:240 
IAP_PROM: 0004a290 len:240 
IAP_PROM: 0004a380 len:240 
IAP_PROM: 0004a470 len:240 
IAP_PROM: 0004a560 len:240 
IAP_PROM: 0004a650 len:240 
IAP_PROM: 0004a740 len:240 
IAP_PROM: 0004a830 len:240 
IAP_PROM: 0004a920 len:240 
IAP_PROM: 0004aa10 len:240 
IAP_PROM: 0004ab00 len:240 
IAP_PROM: 0004abf0 len:240 
IAP_PROM: 0004ace0 len:240 
IAP_PROM: 0004add0 len:240 
IAP_PROM: 0004aec0 len:240 
IAP_PROM: 0004afb0 len:240 
IAP_PROM: 0004b0a0 len:240 
IAP_PROM: 0004b190 len:240 
IAP_PROM: 0004b280 len:240 
IAP_PROM: 0004b370 len:240 
IAP_PROM: 0004b460 len:240 
IAP_PROM: 0004b550 len:240 
IAP_PROM: 0004b640 len:240 
IAP_PROM: 0004b730 len:240 
IAP_PROM: 0004b820 len:240 
IAP_PROM: 0004b910 len:240 
IAP_PROM: 0004ba00 len:240 
IAP_PROM: 0004baf0 len:240 
IAP_PROM: 0004bbe0 len:240 
IAP_PROM: 0004bcd0 len:240 
IAP_PROM: 0004bdc0 len:240 
IAP_PROM: 0004beb0 len:240 
IAP_PROM: 0004bfa0 len:240 
IAP_PROM: 0004c090 len:240 
IAP_PROM: 0004c180 len:240 
IAP_PROM: 0004c270 len:240 
IAP_PROM: 0004c360 len:240 
IAP_PROM: 0004c450 len:240 
IAP_PROM: 0004c540 len:240 
IAP_PROM: 0004c630 len:240 
IAP_PROM: 0004c720 len:240 
IAP_PROM: 0004c810 len:240 
IAP_PROM: 0004c900 len:240 
IAP_PROM: 0004c9f0 len:240 
IAP_PROM: 0004cae0 len:240 
IAP_PROM: 0004cbd0 len:240 
IAP_PROM: 0004ccc0 len:240 
IAP_PROM: 0004cdb0 len:240 
IAP_PROM: 0004cea0 len:240 
IAP_PROM: 0004cf90 len:240 
IAP_PROM: 0004d080 len:240 
IAP_PROM: 0004d170 len:240 
IAP_PROM: 0004d260 len:240 
IAP_PROM: 0004d350 len:240 
IAP_PROM: 0004d440 len:240 
IAP_PROM: 0004d530 len:240 
IAP_PROM: 0004d620 len:240 
IAP_PROM: 0004d710 len:240 
IAP_PROM: 0004d800 len:240 
IAP_PROM: 0004d8f0 len:240 
IAP_PROM: 0004d9e0 len:240 
IAP_PROM: 0004dad0 len:240 
IAP_PROM: 0004dbc0 len:240 
IAP_PROM: 0004dcb0 len:240 
IAP_PROM: 0004dda0 len:240 
IAP_PROM: 0004de90 len:240 
IAP_PROM: 0004df80 len:240 
IAP_PROM: 0004e070 len:240 
IAP_PROM: 0004e160 len:240 
IAP_PROM: 0004e250 len:240 
IAP_PROM: 0004e340 len:240 
IAP_PROM: 0004e430 len:240 
IAP_PROM: 0004e520 len:240 
IAP_PROM: 0004e610 len:240 
IAP_PROM: 0004e700 len:240 
IAP_PROM: 0004e7f0 len:240 
IAP_PROM: 0004e8e0 len:240 
IAP_PROM: 0004e9d0 len:240 
IAP_PROM: 0004eac0 len:240 
IAP_PROM: 0004ebb0 len:240 
IAP_PROM: 0004eca0 len:240 
IAP_PROM: 0004ed90 len:240 
IAP_PROM: 0004ee80 len:240 
IAP_PROM: 0004ef70 len:240 
IAP_PROM: 0004f060 len:240 
IAP_PROM: 0004f150 len:240 
IAP_PROM: 0004f240 len:240 
IAP_PROM: 0004f330 len:240 
IAP_PROM: 0004f420 len:240 
IAP_PROM: 0004f510 len:240 
IAP_PROM: 0004f600 len:240 
IAP_PROM: 0004f6f0 len:240 
IAP_PROM: 0004f7e0 len:240 
IAP_PROM: 0004f8d0 len:240 
IAP_PROM: 0004f9c0 len:240 
IAP_PROM: 0004fab0 len:240 
IAP_PROM: 0004fba0 len:240 
IAP_PROM: 0004fc90 len:240 
IAP_PROM: 0004fd80 len:240 
IAP_PROM: 0004fe70 len:240 
IAP_PROM: 0004ff60 len:240 
IAP_PROM: 00050050 len:240 
IAP_PROM: 00050140 len:240 
IAP_PROM: 00050230 len:240 
IAP_PROM: 00050320 len:240 
IAP_PROM: 00050410 len:240 
IAP_PROM: 00050500 len:240 
IAP_PROM: 000505f0 len:240 
IAP_PROM: 000506e0 len:240 
IAP_PROM: 000507d0 len:240 
IAP_PROM: 000508c0 len:240 
IAP_PROM: 000509b0 len:240 
IAP_PROM: 00050aa0 len:240 
IAP_PROM: 00050b90 len:240 
IAP_PROM: 00050c80 len:240 
IAP_PROM: 00050d70 len:240 
IAP_PROM: 00050e60 len:240 
IAP_PROM: 00050f50 len:240 
IAP_PROM: 00051040 len:240 
IAP_PROM: 00051130 len:240 
IAP_PROM: 00051220 len:240 
IAP_PROM: 00051310 len:240 
IAP_PROM: 00051400 len:240 
IAP_PROM: 000514f0 len:240 
IAP_PROM: 000515e0 len:240 
IAP_PROM: 000516d0 len:240 
IAP_PROM: 000517c0 len:240 
IAP_PROM: 000518b0 len:240 
IAP_PROM: 000519a0 len:240 
IAP_PROM: 00051a90 len:240 
IAP_PROM: 00051b80 len:240 
IAP_PROM: 00051c70 len:240 
IAP_PROM: 00051d60 len:240 
IAP_PROM: 00051e50 len:240 
IAP_PROM: 00051f40 len:240 
IAP_PROM: 00052030 len:240 
IAP_PROM: 00052120 len:240 
IAP_PROM: 00052210 len:240 
IAP_PROM: 00052300 len:240 
IAP_PROM: 000523f0 len:240 
IAP_PROM: 000524e0 len:240 
IAP_PROM: 000525d0 len:240 
IAP_PROM: 000526c0 len:240 
IAP_PROM: 000527b0 len:240 
IAP_PROM: 000528a0 len:240 
IAP_PROM: 00052990 len:240 
IAP_PROM: 00052a80 len:240 
IAP_PROM: 00052b70 len:240 
IAP_PROM: 00052c60 len:240 
IAP_PROM: 00052d50 len:240 
IAP_PROM: 00052e40 len:240 
IAP_PROM: 00052f30 len:240 
IAP_PROM: 00053020 len:240 
IAP_PROM: 00053110 len:240 
IAP_PROM: 00053200 len:240 
IAP_PROM: 000532f0 len:240 
IAP_PROM: 000533e0 len:240 
IAP_PROM: 000534d0 len:240 
IAP_PROM: 000535c0 len:240 
IAP_PROM: 000536b0 len:240 
IAP_PROM: 000537a0 len:240 
IAP_PROM: 00053890 len:240 
IAP_PROM: 00053980 len:240 
IAP_PROM: 00053a70 len:240 
IAP_PROM: 00053b60 len:240 
IAP_PROM: 00053c50 len:240 
IAP_PROM: 00053d40 len:240 
IAP_PROM: 00053e30 len:240 
IAP_PROM: 00053f20 len:240 
IAP_PROM: 00054010 len:240 
IAP_PROM: 00054100 len:240 
IAP_PROM: 000541f0 len:240 
IAP_PROM: 000542e0 len:240 
IAP_PROM: 000543d0 len:240 
IAP_PROM: 000544c0 len:240 
IAP_PROM: 000545b0 len:240 
IAP_PROM: 000546a0 len:240 
IAP_PROM: 00054790 len:240 
IAP_PROM: 00054880 len:240 
IAP_PROM: 00054970 len:240 
IAP_PROM: 00054a60 len:240 
IAP_PROM: 00054b50 len:240 
IAP_PROM: 00054c40 len:240 
IAP_PROM: 00054d30 len:240 
IAP_PROM: 00054e20 len:240 
IAP_PROM: 00054f10 len:240 
IAP_PROM: 00055000 len:240 
IAP_PROM: 000550f0 len:240 
IAP_PROM: 000551e0 len:240 
IAP_PROM: 000552d0 len:240 
IAP_PROM: 000553c0 len:240 
IAP_PROM: 000554b0 len:240 
IAP_PROM: 000555a0 len:240 
IAP_PROM: 00055690 len:240 
IAP_PROM: 00055780 len:240 
IAP_PROM: 00055870 len:240 
IAP_PROM: 00055960 len:240 
IAP_PROM: 00055a50 len:240 
IAP_PROM: 00055b40 len:240 
IAP_PROM: 00055c30 len:240 
IAP_PROM: 00055d20 len:240 
IAP_PROM: 00055e10 len:240 
IAP_PROM: 00055f00 len:240 
IAP_PROM: 00055ff0 len:240 
IAP_PROM: 000560e0 len:240 
IAP_PROM: 000561d0 len:240 
IAP_PROM: 000562c0 len:240 
IAP_PROM: 000563b0 len:240 
IAP_PROM: 000564a0 len:240 
IAP_PROM: 00056590 len:240 
IAP_PROM: 00056680 len:240 
IAP_PROM: 00056770 len:240 
IAP_PROM: 00056860 len:240 
IAP_PROM: 00056950 len:240 
IAP_PROM: 00056a40 len:240 
IAP_PROM: 00056b30 len:240 
IAP_PROM: 00056c20 len:240 
IAP_PROM: 00056d10 len:240 
IAP_PROM: 00056e00 len:240 
IAP_PROM: 00056ef0 len:240 
IAP_PROM: 00056fe0 len:240 
IAP_PROM: 000570d0 len:240 
IAP_PROM: 000571c0 len:240 
IAP_PROM: 000572b0 len:240 
IAP_PROM: 000573a0 len:240 
IAP_PROM: 00057490 len:240 
IAP_PROM: 00057580 len:240 
IAP_PROM: 00057670 len:240 
IAP_PROM: 00057760 len:240 
IAP_PROM: 00057850 len:240 
IAP_PROM: 00057940 len:240 
IAP_PROM: 00057a30 len:240 
IAP_PROM: 00057b20 len:240 
IAP_PROM: 00057c10 len:240 
IAP_PROM: 00057d00 len:240 
IAP_PROM: 00057df0 len:240 
IAP_PROM: 00057ee0 len:240 
IAP_PROM: 00057fd0 len:240 
IAP_PROM: 000580c0 len:240 
IAP_PROM: 000581b0 len:240 
IAP_PROM: 000582a0 len:240 
IAP_PROM: 00058390 len:240 
IAP_PROM: 00058480 len:240 
IAP_PROM: 00058570 len:240 
IAP_PROM: 00058660 len:240 
IAP_PROM: 00058750 len:240 
IAP_PROM: 00058840 len:240 
IAP_PROM: 00058930 len:240 
IAP_PROM: 00058a20 len:240 
IAP_PROM: 00058b10 len:240 
IAP_PROM: 00058c00 len:240 
IAP_PROM: 00058cf0 len:240 
IAP_PROM: 00058de0 len:240 
IAP_PROM: 00058ed0 len:240 
IAP_PROM: 00058fc0 len:240 
IAP_PROM: 000590b0 len:240 
IAP_PROM: 000591a0 len:240 
IAP_PROM: 00059290 len:240 
IAP_PROM: 00059380 len:240 
IAP_PROM: 00059470 len:240 
IAP_PROM: 00059560 len:240 
IAP_PROM: 00059650 len:240 
IAP_PROM: 00059740 len:240 
IAP_PROM: 00059830 len:240 
IAP_PROM: 00059920 len:240 
IAP_PROM: 00059a10 len:240 
IAP_PROM: 00059b00 len:240 
IAP_PROM: 00059bf0 len:240 
IAP_PROM: 00059ce0 len:240 
IAP_PROM: 00059dd0 len:240 
IAP_PROM: 00059ec0 len:240 
IAP_PROM: 00059fb0 len:240 
IAP_PROM: 0005a0a0 len:240 
IAP_PROM: 0005a190 len:240 
IAP_PROM: 0005a280 len:240 
IAP_PROM: 0005a370 len:240 
IAP_PROM: 0005a460 len:240 
IAP_PROM: 0005a550 len:240 
IAP_PROM: 0005a640 len:240 
IAP_PROM: 0005a730 len:240 
IAP_PROM: 0005a820 len:240 
IAP_PROM: 0005a910 len:240 
IAP_PROM: 0005aa00 len:240 
IAP_PROM: 0005aaf0 len:240 
IAP_PROM: 0005abe0 len:240 
IAP_PROM: 0005acd0 len:240 
IAP_PROM: 0005adc0 len:240 
IAP_PROM: 0005aeb0 len:240 
IAP_PROM: 0005afa0 len:240 
IAP_PROM: 0005b090 len:240 
IAP_PROM: 0005b180 len:240 
IAP_PROM: 0005b270 len:240 
IAP_PROM: 0005b360 len:240 
IAP_PROM: 0005b450 len:240 
IAP_PROM: 0005b540 len:240 
IAP_PROM: 0005b630 len:240 
IAP_PROM: 0005b720 len:240 
IAP_PROM: 0005b810 len:240 
IAP_PROM: 0005b900 len:240 
IAP_PROM: 0005b9f0 len:240 
IAP_PROM: 0005bae0 len:240 
IAP_PROM: 0005bbd0 len:240 
IAP_PROM: 0005bcc0 len:240 
IAP_PROM: 0005bdb0 len:240 
IAP_PROM: 0005bea0 len:240 
IAP_PROM: 0005bf90 len:240 
IAP_PROM: 0005c080 len:240 
IAP_PROM: 0005c170 len:240 
IAP_PROM: 0005c260 len:240 
IAP_PROM: 0005c350 len:240 
IAP_PROM: 0005c440 len:240 
IAP_PROM: 0005c530 len:240 
IAP_PROM: 0005c620 len:240 
IAP_PROM: 0005c710 len:240 
IAP_PROM: 0005c800 len:240 
IAP_PROM: 0005c8f0 len:240 
IAP_PROM: 0005c9e0 len:240 
IAP_PROM: 0005cad0 len:240 
IAP_PROM: 0005cbc0 len:240 
IAP_PROM: 0005ccb0 len:240 
IAP_PROM: 0005cda0 len:240 
IAP_PROM: 0005ce90 len:240 
IAP_PROM: 0005cf80 len:240 
IAP_PROM: 0005d070 len:240 
IAP_PROM: 0005d160 len:240 
IAP_PROM: 0005d250 len:240 
IAP_PROM: 0005d340 len:240 
IAP_PROM: 0005d430 len:240 
IAP_PROM: 0005d520 len:240 
IAP_PROM: 0005d610 len:240 
IAP_PROM: 0005d700 len:240 
IAP_PROM: 0005d7f0 len:240 
IAP_PROM: 0005d8e0 len:240 
IAP_PROM: 0005d9d0 len:240 
IAP_PROM: 0005dac0 len:240 
IAP_PROM: 0005dbb0 len:240 
IAP_PROM: 0005dca0 len:240 
IAP_PROM: 0005dd90 len:240 
IAP_PROM: 0005de80 len:240 
IAP_PROM: 0005df70 len:240 
IAP_PROM: 0005e060 len:240 
IAP_PROM: 0005e150 len:240 
IAP_PROM: 0005e240 len:240 
IAP_PROM: 0005e330 len:240 
IAP_PROM: 0005e420 len:240 
IAP_PROM: 0005e510 len:240 
IAP_PROM: 0005e600 len:240 
IAP_PROM: 0005e6f0 len:240 
IAP_PROM: 0005e7e0 len:240 
IAP_PROM: 0005e8d0 len:240 
IAP_PROM: 0005e9c0 len:240 
IAP_PROM: 0005eab0 len:240 
IAP_PROM: 0005eba0 len:240 
IAP_PROM: 0005ec90 len:240 
IAP_VERIFY: 00037000 len:240 
IAP_VERIFY: 000370f0 len:240 
IAP_VERIFY: 000371e0 len:240 
IAP_VERIFY: 000372d0 len:240 
IAP_VERIFY: 000373c0 len:240 
IAP_VERIFY: 000374b0 len:240 
IAP_VERIFY: 000375a0 len:240 
IAP_VERIFY: 00037690 len:240 
IAP_VERIFY: 00037780 len:240 
IAP_VERIFY: 00037870 len:240 
IAP_VERIFY: 00037960 len:240 
IAP_VERIFY: 00037a50 len:240 
IAP_VERIFY: 00037b40 len:240 
IAP_VERIFY: 00037c30 len:240 
IAP_VERIFY: 00037d20 len:240 
IAP_VERIFY: 00037e10 len:240 
IAP_VERIFY: 00037f00 len:240 
IAP_VERIFY: 00037ff0 len:240 
IAP_VERIFY: 000380e0 len:240 
IAP_VERIFY: 000381d0 len:240 
IAP_VERIFY: 000382c0 len:240 
IAP_VERIFY: 000383b0 len:240 
IAP_VERIFY: 000384a0 len:240 
IAP_VERIFY: 00038590 len:240 
IAP_VERIFY: 00038680 len:240 
IAP_VERIFY: 00038770 len:240 
IAP_VERIFY: 00038860 len:240 
IAP_VERIFY: 00038950 len:240 
IAP_VERIFY: 00038a40 len:240 
IAP_VERIFY: 00038b30 len:240 
IAP_VERIFY: 00038c20 len:240 
IAP_VERIFY: 00038d10 len:240 
IAP_VERIFY: 00038e00 len:240 
IAP_VERIFY: 00038ef0 len:240 
IAP_VERIFY: 00038fe0 len:240 
IAP_VERIFY: 000390d0 len:240 
IAP_VERIFY: 000391c0 len:240 
IAP_VERIFY: 000392b0 len:240 
IAP_VERIFY: 000393a0 len:240 
IAP_VERIFY: 00039490 len:240 
IAP_VERIFY: 00039580 len:240 
IAP_VERIFY: 00039670 len:240 
IAP_VERIFY: 00039760 len:240 
IAP_VERIFY: 00039850 len:240 
IAP_VERIFY: 00039940 len:240 
IAP_VERIFY: 00039a30 len:240 
IAP_VERIFY: 00039b20 len:240 
IAP_VERIFY: 00039c10 len:240 
IAP_VERIFY: 00039d00 len:240 
IAP_VERIFY: 00039df0 len:240 
IAP_VERIFY: 00039ee0 len:240 
IAP_VERIFY: 00039fd0 len:240 
IAP_VERIFY: 0003a0c0 len:240 
IAP_VERIFY: 0003a1b0 len:240 
IAP_VERIFY: 0003a2a0 len:240 
IAP_VERIFY: 0003a390 len:240 
IAP_VERIFY: 0003a480 len:240 
IAP_VERIFY: 0003a570 len:240 
IAP_VERIFY: 0003a660 len:240 
IAP_VERIFY: 0003a750 len:240 
IAP_VERIFY: 0003a840 len:240 
IAP_VERIFY: 0003a930 len:240 
IAP_VERIFY: 0003aa20 len:240 
IAP_VERIFY: 0003ab10 len:240 
IAP_VERIFY: 0003ac00 len:240 
IAP_VERIFY: 0003acf0 len:240 
IAP_VERIFY: 0003ade0 len:240 
IAP_VERIFY: 0003aed0 len:240 
IAP_VERIFY: 0003afc0 len:240 
IAP_VERIFY: 0003b0b0 len:240 
IAP_VERIFY: 0003b1a0 len:240 
IAP_VERIFY: 0003b290 len:240 
IAP_VERIFY: 0003b380 len:240 
IAP_VERIFY: 0003b470 len:240 
IAP_VERIFY: 0003b560 len:240 
IAP_VERIFY: 0003b650 len:240 
IAP_VERIFY: 0003b740 len:240 
IAP_VERIFY: 0003b830 len:240 
IAP_VERIFY: 0003b920 len:240 
IAP_VERIFY: 0003ba10 len:240 
IAP_VERIFY: 0003bb00 len:240 
IAP_VERIFY: 0003bbf0 len:240 
IAP_VERIFY: 0003bce0 len:240 
IAP_VERIFY: 0003bdd0 len:240 
IAP_VERIFY: 0003bec0 len:240 
IAP_VERIFY: 0003bfb0 len:240 
IAP_VERIFY: 0003c0a0 len:240 
IAP_VERIFY: 0003c190 len:240 
IAP_VERIFY: 0003c280 len:240 
IAP_VERIFY: 0003c370 len:240 
IAP_VERIFY: 0003c460 len:240 
IAP_VERIFY: 0003c550 len:240 
IAP_VERIFY: 0003c640 len:240 
IAP_VERIFY: 0003c730 len:240 
IAP_VERIFY: 0003c820 len:240 
IAP_VERIFY: 0003c910 len:240 
IAP_VERIFY: 0003ca00 len:240 
IAP_VERIFY: 0003caf0 len:240 
IAP_VERIFY: 0003cbe0 len:240 
IAP_VERIFY: 0003ccd0 len:240 
IAP_VERIFY: 0003cdc0 len:240 
IAP_VERIFY: 0003ceb0 len:240 
IAP_VERIFY: 0003cfa0 len:240 
IAP_VERIFY: 0003d090 len:240 
IAP_VERIFY: 0003d180 len:240 
IAP_VERIFY: 0003d270 len:240 
IAP_VERIFY: 0003d360 len:240 
IAP_VERIFY: 0003d450 len:240 
IAP_VERIFY: 0003d540 len:240 
IAP_VERIFY: 0003d630 len:240 
IAP_VERIFY: 0003d720 len:240 
IAP_VERIFY: 0003d810 len:240 
IAP_VERIFY: 0003d900 len:240 
IAP_VERIFY: 0003d9f0 len:240 
IAP_VERIFY: 0003dae0 len:240 
IAP_VERIFY: 0003dbd0 len:240 
IAP_VERIFY: 0003dcc0 len:240 
IAP_VERIFY: 0003ddb0 len:240 
IAP_VERIFY: 0003dea0 len:240 
IAP_VERIFY: 0003df90 len:240 
IAP_VERIFY: 0003e080 len:240 
IAP_VERIFY: 0003e170 len:240 
IAP_VERIFY: 0003e260 len:240 
IAP_VERIFY: 0003e350 len:240 
IAP_VERIFY: 0003e440 len:240 
IAP_VERIFY: 0003e530 len:240 
IAP_VERIFY: 0003e620 len:240 
IAP_VERIFY: 0003e710 len:240 
IAP_VERIFY: 0003e800 len:240 
IAP_VERIFY: 0003e8f0 len:240 
IAP_VERIFY: 0003e9e0 len:240 
IAP_VERIFY: 0003ead0 len:240 
IAP_VERIFY: 0003ebc0 len:240 
IAP_VERIFY: 0003ecb0 len:240 
IAP_VERIFY: 0003eda0 len:240 
IAP_VERIFY: 0003ee90 len:240 
IAP_VERIFY: 0003ef80 len:240 
IAP_VERIFY: 0003f070 len:240 
IAP_VERIFY: 0003f160 len:240 
IAP_VERIFY: 0003f250 len:240 
IAP_VERIFY: 0003f340 len:240 
IAP_VERIFY: 0003f430 len:240 
IAP_VERIFY: 0003f520 len:240 
IAP_VERIFY: 0003f610 len:240 
IAP_VERIFY: 0003f700 len:240 
IAP_VERIFY: 0003f7f0 len:240 
IAP_VERIFY: 0003f8e0 len:240 
IAP_VERIFY: 0003f9d0 len:240 
IAP_VERIFY: 0003fac0 len:240 
IAP_VERIFY: 0003fbb0 len:240 
IAP_VERIFY: 0003fca0 len:240 
IAP_VERIFY: 0003fd90 len:240 
IAP_VERIFY: 0003fe80 len:240 
IAP_VERIFY: 0003ff70 len:240 
IAP_VERIFY: 00040060 len:240 
IAP_VERIFY: 00040150 len:240 
IAP_VERIFY: 00040240 len:240 
IAP_VERIFY: 00040330 len:240 
IAP_VERIFY: 00040420 len:240 
IAP_VERIFY: 00040510 len:240 
IAP_VERIFY: 00040600 len:240 
IAP_VERIFY: 000406f0 len:240 
IAP_VERIFY: 000407e0 len:240 
IAP_VERIFY: 000408d0 len:240 
IAP_VERIFY: 000409c0 len:240 
IAP_VERIFY: 00040ab0 len:240 
IAP_VERIFY: 00040ba0 len:240 
IAP_VERIFY: 00040c90 len:240 
IAP_VERIFY: 00040d80 len:240 
IAP_VERIFY: 00040e70 len:240 
IAP_VERIFY: 00040f60 len:240 
IAP_VERIFY: 00041050 len:240 
IAP_VERIFY: 00041140 len:240 
IAP_VERIFY: 00041230 len:240 
IAP_VERIFY: 00041320 len:240 
IAP_VERIFY: 00041410 len:240 
IAP_VERIFY: 00041500 len:240 
IAP_VERIFY: 000415f0 len:240 
IAP_VERIFY: 000416e0 len:240 
IAP_VERIFY: 000417d0 len:240 
IAP_VERIFY: 000418c0 len:240 
IAP_VERIFY: 000419b0 len:240 
IAP_VERIFY: 00041aa0 len:240 
IAP_VERIFY: 00041b90 len:240 
IAP_VERIFY: 00041c80 len:240 
IAP_VERIFY: 00041d70 len:240 
IAP_VERIFY: 00041e60 len:240 
IAP_VERIFY: 00041f50 len:240 
IAP_VERIFY: 00042040 len:240 
IAP_VERIFY: 00042130 len:240 
IAP_VERIFY: 00042220 len:240 
IAP_VERIFY: 00042310 len:240 
IAP_VERIFY: 00042400 len:240 
IAP_VERIFY: 000424f0 len:240 
IAP_VERIFY: 000425e0 len:240 
IAP_VERIFY: 000426d0 len:240 
IAP_VERIFY: 000427c0 len:240 
IAP_VERIFY: 000428b0 len:240 
IAP_VERIFY: 000429a0 len:240 
IAP_VERIFY: 00042a90 len:240 
IAP_VERIFY: 00042b80 len:240 
IAP_VERIFY: 00042c70 len:240 
IAP_VERIFY: 00042d60 len:240 
IAP_VERIFY: 00042e50 len:240 
IAP_VERIFY: 00042f40 len:240 
IAP_VERIFY: 00043030 len:240 
IAP_VERIFY: 00043120 len:240 
IAP_VERIFY: 00043210 len:240 
IAP_VERIFY: 00043300 len:240 
IAP_VERIFY: 000433f0 len:240 
IAP_VERIFY: 000434e0 len:240 
IAP_VERIFY: 000435d0 len:240 
IAP_VERIFY: 000436c0 len:240 
IAP_VERIFY: 000437b0 len:240 
IAP_VERIFY: 000438a0 len:240 
IAP_VERIFY: 00043990 len:240 
IAP_VERIFY: 00043a80 len:240 
IAP_VERIFY: 00043b70 len:240 
IAP_VERIFY: 00043c60 len:240 
IAP_VERIFY: 00043d50 len:240 
IAP_VERIFY: 00043e40 len:240 
IAP_VERIFY: 00043f30 len:240 
IAP_VERIFY: 00044020 len:240 
IAP_VERIFY: 00044110 len:240 
IAP_VERIFY: 00044200 len:240 
IAP_VERIFY: 000442f0 len:240 
IAP_VERIFY: 000443e0 len:240 
IAP_VERIFY: 000444d0 len:240 
IAP_VERIFY: 000445c0 len:240 
IAP_VERIFY: 000446b0 len:240 
IAP_VERIFY: 000447a0 len:240 
IAP_VERIFY: 00044890 len:240 
IAP_VERIFY: 00044980 len:240 
IAP_VERIFY: 00044a70 len:240 
IAP_VERIFY: 00044b60 len:240 
IAP_VERIFY: 00044c50 len:240 
IAP_VERIFY: 00044d40 len:240 
IAP_VERIFY: 00044e30 len:240 
IAP_VERIFY: 00044f20 len:240 
IAP_VERIFY: 00045010 len:240 
IAP_VERIFY: 00045100 len:240 
IAP_VERIFY: 000451f0 len:240 
IAP_VERIFY: 000452e0 len:240 
IAP_VERIFY: 000453d0 len:240 
IAP_VERIFY: 000454c0 len:240 
IAP_VERIFY: 000455b0 len:240 
IAP_VERIFY: 000456a0 len:240 
IAP_VERIFY: 00045790 len:240 
IAP_VERIFY: 00045880 len:240 
IAP_VERIFY: 00045970 len:240 
IAP_VERIFY: 00045a60 len:240 
IAP_VERIFY: 00045b50 len:240 
IAP_VERIFY: 00045c40 len:240 
IAP_VERIFY: 00045d30 len:240 
IAP_VERIFY: 00045e20 len:240 
IAP_VERIFY: 00045f10 len:240 
IAP_VERIFY: 00046000 len:240 
IAP_VERIFY: 000460f0 len:240 
IAP_VERIFY: 000461e0 len:240 
IAP_VERIFY: 000462d0 len:240 
IAP_VERIFY: 000463c0 len:240 
IAP_VERIFY: 000464b0 len:240 
IAP_VERIFY: 000465a0 len:240 
IAP_VERIFY: 00046690 len:240 
IAP_VERIFY: 00046780 len:240 
IAP_VERIFY: 00046870 len:240 
IAP_VERIFY: 00046960 len:240 
IAP_VERIFY: 00046a50 len:240 
IAP_VERIFY: 00046b40 len:240 
IAP_VERIFY: 00046c30 len:240 
IAP_VERIFY: 00046d20 len:240 
IAP_VERIFY: 00046e10 len:240 
IAP_VERIFY: 00046f00 len:240 
IAP_VERIFY: 00046ff0 len:240 
IAP_VERIFY: 000470e0 len:240 
IAP_VERIFY: 000471d0 len:240 
IAP_VERIFY: 000472c0 len:240 
IAP_VERIFY: 000473b0 len:240 
IAP_VERIFY: 000474a0 len:240 
IAP_VERIFY: 00047590 len:240 
IAP_VERIFY: 00047680 len:240 
IAP_VERIFY: 00047770 len:240 
IAP_VERIFY: 00047860 len:240 
IAP_VERIFY: 00047950 len:240 
IAP_VERIFY: 00047a40 len:240 
IAP_VERIFY: 00047b30 len:240 
IAP_VERIFY: 00047c20 len:240 
IAP_VERIFY: 00047d10 len:240 
IAP_VERIFY: 00047e00 len:240 
IAP_VERIFY: 00047ef0 len:240 
IAP_VERIFY: 00047fe0 len:240 
IAP_VERIFY: 000480d0 len:240 
IAP_VERIFY: 000481c0 len:240 
IAP_VERIFY: 000482b0 len:240 
IAP_VERIFY: 000483a0 len:240 
IAP_VERIFY: 00048490 len:240 
IAP_VERIFY: 00048580 len:240 
IAP_VERIFY: 00048670 len:240 
IAP_VERIFY: 00048760 len:240 
IAP_VERIFY: 00048850 len:240 
IAP_VERIFY: 00048940 len:240 
IAP_VERIFY: 00048a30 len:240 
IAP_VERIFY: 00048b20 len:240 
IAP_VERIFY: 00048c10 len:240 
IAP_VERIFY: 00048d00 len:240 
IAP_VERIFY: 00048df0 len:240 
IAP_VERIFY: 00048ee0 len:240 
IAP_VERIFY: 00048fd0 len:240 
IAP_VERIFY: 000490c0 len:240 
IAP_VERIFY: 000491b0 len:240 
IAP_VERIFY: 000492a0 len:240 
IAP_VERIFY: 00049390 len:240 
IAP_VERIFY: 00049480 len:240 
IAP_VERIFY: 00049570 len:240 
IAP_VERIFY: 00049660 len:240 
IAP_VERIFY: 00049750 len:240 
IAP_VERIFY: 00049840 len:240 
IAP_VERIFY: 00049930 len:240 
IAP_VERIFY: 00049a20 len:240 
IAP_VERIFY: 00049b10 len:240 
IAP_VERIFY: 00049c00 len:240 
IAP_VERIFY: 00049cf0 len:240 
IAP_VERIFY: 00049de0 len:240 
IAP_VERIFY: 00049ed0 len:240 
IAP_VERIFY: 00049fc0 len:240 
IAP_VERIFY: 0004a0b0 len:240 
IAP_VERIFY: 0004a1a0 len:240 
IAP_VERIFY: 0004a290 len:240 
IAP_VERIFY: 0004a380 len:240 
IAP_VERIFY: 0004a470 len:240 
IAP_VERIFY: 0004a560 len:240 
IAP_VERIFY: 0004a650 len:240 
IAP_VERIFY: 0004a740 len:240 
IAP_VERIFY: 0004a830 len:240 
IAP_VERIFY: 0004a920 len:240 
IAP_VERIFY: 0004aa10 len:240 
IAP_VERIFY: 0004ab00 len:240 
IAP_VERIFY: 0004abf0 len:240 
IAP_VERIFY: 0004ace0 len:240 
IAP_VERIFY: 0004add0 len:240 
IAP_VERIFY: 0004aec0 len:240 
IAP_VERIFY: 0004afb0 len:240 
IAP_VERIFY: 0004b0a0 len:240 
IAP_VERIFY: 0004b190 len:240 
IAP_VERIFY: 0004b280 len:240 
IAP_VERIFY: 0004b370 len:240 
IAP_VERIFY: 0004b460 len:240 
IAP_VERIFY: 0004b550 len:240 
IAP_VERIFY: 0004b640 len:240 
IAP_VERIFY: 0004b730 len:240 
IAP_VERIFY: 0004b820 len:240 
IAP_VERIFY: 0004b910 len:240 
IAP_VERIFY: 0004ba00 len:240 
IAP_VERIFY: 0004baf0 len:240 
IAP_VERIFY: 0004bbe0 len:240 
IAP_VERIFY: 0004bcd0 len:240 
IAP_VERIFY: 0004bdc0 len:240 
IAP_VERIFY: 0004beb0 len:240 
IAP_VERIFY: 0004bfa0 len:240 
IAP_VERIFY: 0004c090 len:240 
IAP_VERIFY: 0004c180 len:240 
IAP_VERIFY: 0004c270 len:240 
IAP_VERIFY: 0004c360 len:240 
IAP_VERIFY: 0004c450 len:240 
IAP_VERIFY: 0004c540 len:240 
IAP_VERIFY: 0004c630 len:240 
IAP_VERIFY: 0004c720 len:240 
IAP_VERIFY: 0004c810 len:240 
IAP_VERIFY: 0004c900 len:240 
IAP_VERIFY: 0004c9f0 len:240 
IAP_VERIFY: 0004cae0 len:240 
IAP_VERIFY: 0004cbd0 len:240 
IAP_VERIFY: 0004ccc0 len:240 
IAP_VERIFY: 0004cdb0 len:240 
IAP_VERIFY: 0004cea0 len:240 
IAP_VERIFY: 0004cf90 len:240 
IAP_VERIFY: 0004d080 len:240 
IAP_VERIFY: 0004d170 len:240 
IAP_VERIFY: 0004d260 len:240 
IAP_VERIFY: 0004d350 len:240 
IAP_VERIFY: 0004d440 len:240 
IAP_VERIFY: 0004d530 len:240 
IAP_VERIFY: 0004d620 len:240 
IAP_VERIFY: 0004d710 len:240 
IAP_VERIFY: 0004d800 len:240 
IAP_VERIFY: 0004d8f0 len:240 
IAP_VERIFY: 0004d9e0 len:240 
IAP_VERIFY: 0004dad0 len:240 
IAP_VERIFY: 0004dbc0 len:240 
IAP_VERIFY: 0004dcb0 len:240 
IAP_VERIFY: 0004dda0 len:240 
IAP_VERIFY: 0004de90 len:240 
IAP_VERIFY: 0004df80 len:240 
IAP_VERIFY: 0004e070 len:240 
IAP_VERIFY: 0004e160 len:240 
IAP_VERIFY: 0004e250 len:240 
IAP_VERIFY: 0004e340 len:240 
IAP_VERIFY: 0004e430 len:240 
IAP_VERIFY: 0004e520 len:240 
IAP_VERIFY: 0004e610 len:240 
IAP_VERIFY: 0004e700 len:240 
IAP_VERIFY: 0004e7f0 len:240 
IAP_VERIFY: 0004e8e0 len:240 
IAP_VERIFY: 0004e9d0 len:240 
IAP_VERIFY: 0004eac0 len:240 
IAP_VERIFY: 0004ebb0 len:240 
IAP_VERIFY: 0004eca0 len:240 
IAP_VERIFY: 0004ed90 len:240 
IAP_VERIFY: 0004ee80 len:240 
IAP_VERIFY: 0004ef70 len:240 
IAP_VERIFY: 0004f060 len:240 
IAP_VERIFY: 0004f150 len:240 
IAP_VERIFY: 0004f240 len:240 
IAP_VERIFY: 0004f330 len:240 
IAP_VERIFY: 0004f420 len:240 
IAP_VERIFY: 0004f510 len:240 
IAP_VERIFY: 0004f600 len:240 
IAP_VERIFY: 0004f6f0 len:240 
IAP_VERIFY: 0004f7e0 len:240 
IAP_VERIFY: 0004f8d0 len:240 
IAP_VERIFY: 0004f9c0 len:240 
IAP_VERIFY: 0004fab0 len:240 
IAP_VERIFY: 0004fba0 len:240 
IAP_VERIFY: 0004fc90 len:240 
IAP_VERIFY: 0004fd80 len:240 
IAP_VERIFY: 0004fe70 len:240 
IAP_VERIFY: 0004ff60 len:240 
IAP_VERIFY: 00050050 len:240 
IAP_VERIFY: 00050140 len:240 
IAP_VERIFY: 00050230 len:240 
IAP_VERIFY: 00050320 len:240 
IAP_VERIFY: 00050410 len:240 
IAP_VERIFY: 00050500 len:240 
IAP_VERIFY: 000505f0 len:240 
IAP_VERIFY: 000506e0 len:240 
IAP_VERIFY: 000507d0 len:240 
IAP_VERIFY: 000508c0 len:240 
IAP_VERIFY: 000509b0 len:240 
IAP_VERIFY: 00050aa0 len:240 
IAP_VERIFY: 00050b90 len:240 
IAP_VERIFY: 00050c80 len:240 
IAP_VERIFY: 00050d70 len:240 
IAP_VERIFY: 00050e60 len:240 
IAP_VERIFY: 00050f50 len:240 
IAP_VERIFY: 00051040 len:240 
IAP_VERIFY: 00051130 len:240 
IAP_VERIFY: 00051220 len:240 
IAP_VERIFY: 00051310 len:240 
IAP_VERIFY: 00051400 len:240 
IAP_VERIFY: 000514f0 len:240 
IAP_VERIFY: 000515e0 len:240 
IAP_VERIFY: 000516d0 len:240 
IAP_VERIFY: 000517c0 len:240 
IAP_VERIFY: 000518b0 len:240 
IAP_VERIFY: 000519a0 len:240 
IAP_VERIFY: 00051a90 len:240 
IAP_VERIFY: 00051b80 len:240 
IAP_VERIFY: 00051c70 len:240 
IAP_VERIFY: 00051d60 len:240 
IAP_VERIFY: 00051e50 len:240 
IAP_VERIFY: 00051f40 len:240 
IAP_VERIFY: 00052030 len:240 
IAP_VERIFY: 00052120 len:240 
IAP_VERIFY: 00052210 len:240 
IAP_VERIFY: 00052300 len:240 
IAP_VERIFY: 000523f0 len:240 
IAP_VERIFY: 000524e0 len:240 
IAP_VERIFY: 000525d0 len:240 
IAP_VERIFY: 000526c0 len:240 
IAP_VERIFY: 000527b0 len:240 
IAP_VERIFY: 000528a0 len:240 
IAP_VERIFY: 00052990 len:240 
IAP_VERIFY: 00052a80 len:240 
IAP_VERIFY: 00052b70 len:240 
IAP_VERIFY: 00052c60 len:240 
IAP_VERIFY: 00052d50 len:240 
IAP_VERIFY: 00052e40 len:240 
IAP_VERIFY: 00052f30 len:240 
IAP_VERIFY: 00053020 len:240 
IAP_VERIFY: 00053110 len:240 
IAP_VERIFY: 00053200 len:240 
IAP_VERIFY: 000532f0 len:240 
IAP_VERIFY: 000533e0 len:240 
IAP_VERIFY: 000534d0 len:240 
IAP_VERIFY: 000535c0 len:240 
IAP_VERIFY: 000536b0 len:240 
IAP_VERIFY: 000537a0 len:240 
IAP_VERIFY: 00053890 len:240 
IAP_VERIFY: 00053980 len:240 
IAP_VERIFY: 00053a70 len:240 
IAP_VERIFY: 00053b60 len:240 
IAP_VERIFY: 00053c50 len:240 
IAP_VERIFY: 00053d40 len:240 
IAP_VERIFY: 00053e30 len:240 
IAP_VERIFY: 00053f20 len:240 
IAP_VERIFY: 00054010 len:240 
IAP_VERIFY: 00054100 len:240 
IAP_VERIFY: 000541f0 len:240 
IAP_VERIFY: 000542e0 len:240 
IAP_VERIFY: 000543d0 len:240 
IAP_VERIFY: 000544c0 len:240 
IAP_VERIFY: 000545b0 len:240 
IAP_VERIFY: 000546a0 len:240 
IAP_VERIFY: 00054790 len:240 
IAP_VERIFY: 00054880 len:240 
IAP_VERIFY: 00054970 len:240 
IAP_VERIFY: 00054a60 len:240 
IAP_VERIFY: 00054b50 len:240 
IAP_VERIFY: 00054c40 len:240 
IAP_VERIFY: 00054d30 len:240 
IAP_VERIFY: 00054e20 len:240 
IAP_VERIFY: 00054f10 len:240 
IAP_VERIFY: 00055000 len:240 
IAP_VERIFY: 000550f0 len:240 
IAP_VERIFY: 000551e0 len:240 
IAP_VERIFY: 000552d0 len:240 
IAP_VERIFY: 000553c0 len:240 
IAP_VERIFY: 000554b0 len:240 
IAP_VERIFY: 000555a0 len:240 
IAP_VERIFY: 00055690 len:240 
IAP_VERIFY: 00055780 len:240 
IAP_VERIFY: 00055870 len:240 
IAP_VERIFY: 00055960 len:240 
IAP_VERIFY: 00055a50 len:240 
IAP_VERIFY: 00055b40 len:240 
IAP_VERIFY: 00055c30 len:240 
IAP_VERIFY: 00055d20 len:240 
IAP_VERIFY: 00055e10 len:240 
IAP_VERIFY: 00055f00 len:240 
IAP_VERIFY: 00055ff0 len:240 
IAP_VERIFY: 000560e0 len:240 
IAP_VERIFY: 000561d0 len:240 
IAP_VERIFY: 000562c0 len:240 
IAP_VERIFY: 000563b0 len:240 
IAP_VERIFY: 000564a0 len:240 
IAP_VERIFY: 00056590 len:240 
IAP_VERIFY: 00056680 len:240 
IAP_VERIFY: 00056770 len:240 
IAP_VERIFY: 00056860 len:240 
IAP_VERIFY: 00056950 len:240 
IAP_VERIFY: 00056a40 len:240 
IAP_VERIFY: 00056b30 len:240 
IAP_VERIFY: 00056c20 len:240 
IAP_VERIFY: 00056d10 len:240 
IAP_VERIFY: 00056e00 len:240 
IAP_VERIFY: 00056ef0 len:240 
IAP_VERIFY: 00056fe0 len:240 
IAP_VERIFY: 000570d0 len:240 
IAP_VERIFY: 000571c0 len:240 
IAP_VERIFY: 000572b0 len:240 
IAP_VERIFY: 000573a0 len:240 
IAP_VERIFY: 00057490 len:240 
IAP_VERIFY: 00057580 len:240 
IAP_VERIFY: 00057670 len:240 
IAP_VERIFY: 00057760 len:240 
IAP_VERIFY: 00057850 len:240 
IAP_VERIFY: 00057940 len:240 
IAP_VERIFY: 00057a30 len:240 
IAP_VERIFY: 00057b20 len:240 
IAP_VERIFY: 00057c10 len:240 
IAP_VERIFY: 00057d00 len:240 
IAP_VERIFY: 00057df0 len:240 
IAP_VERIFY: 00057ee0 len:240 
IAP_VERIFY: 00057fd0 len:240 
IAP_VERIFY: 000580c0 len:240 
IAP_VERIFY: 000581b0 len:240 
IAP_VERIFY: 000582a0 len:240 
IAP_VERIFY: 00058390 len:240 
IAP_VERIFY: 00058480 len:240 
IAP_VERIFY: 00058570 len:240 
IAP_VERIFY: 00058660 len:240 
IAP_VERIFY: 00058750 len:240 
IAP_VERIFY: 00058840 len:240 
IAP_VERIFY: 00058930 len:240 
IAP_VERIFY: 00058a20 len:240 
IAP_VERIFY: 00058b10 len:240 
IAP_VERIFY: 00058c00 len:240 
IAP_VERIFY: 00058cf0 len:240 
IAP_VERIFY: 00058de0 len:240 
IAP_VERIFY: 00058ed0 len:240 
IAP_VERIFY: 00058fc0 len:240 
IAP_VERIFY: 000590b0 len:240 
IAP_VERIFY: 000591a0 len:240 
IAP_VERIFY: 00059290 len:240 
IAP_VERIFY: 00059380 len:240 
IAP_VERIFY: 00059470 len:240 
IAP_VERIFY: 00059560 len:240 
IAP_VERIFY: 00059650 len:240 
IAP_VERIFY: 00059740 len:240 
IAP_VERIFY: 00059830 len:240 
IAP_VERIFY: 00059920 len:240 
IAP_VERIFY: 00059a10 len:240 
IAP_VERIFY: 00059b00 len:240 
IAP_VERIFY: 00059bf0 len:240 
IAP_VERIFY: 00059ce0 len:240 
IAP_VERIFY: 00059dd0 len:240 
IAP_VERIFY: 00059ec0 len:240 
IAP_VERIFY: 00059fb0 len:240 
IAP_VERIFY: 0005a0a0 len:240 
IAP_VERIFY: 0005a190 len:240 
IAP_VERIFY: 0005a280 len:240 
IAP_VERIFY: 0005a370 len:240 
IAP_VERIFY: 0005a460 len:240 
IAP_VERIFY: 0005a550 len:240 
IAP_VERIFY: 0005a640 len:240 
IAP_VERIFY: 0005a730 len:240 
IAP_VERIFY: 0005a820 len:240 
IAP_VERIFY: 0005a910 len:240 
IAP_VERIFY: 0005aa00 len:240 
IAP_VERIFY: 0005aaf0 len:240 
IAP_VERIFY: 0005abe0 len:240 
IAP_VERIFY: 0005acd0 len:240 
IAP_VERIFY: 0005adc0 len:240 
IAP_VERIFY: 0005aeb0 len:240 
IAP_VERIFY: 0005afa0 len:240 
IAP_VERIFY: 0005b090 len:240 
IAP_VERIFY: 0005b180 len:240 
IAP_VERIFY: 0005b270 len:240 
IAP_VERIFY: 0005b360 len:240 
IAP_VERIFY: 0005b450 len:240 
IAP_VERIFY: 0005b540 len:240 
IAP_VERIFY: 0005b630 len:240 
IAP_VERIFY: 0005b720 len:240 
IAP_VERIFY: 0005b810 len:240 
IAP_VERIFY: 0005b900 len:240 
IAP_VERIFY: 0005b9f0 len:240 
IAP_VERIFY: 0005bae0 len:240 
IAP_VERIFY: 0005bbd0 len:240 
IAP_VERIFY: 0005bcc0 len:240 
IAP_VERIFY: 0005bdb0 len:240 
IAP_VERIFY: 0005bea0 len:240 
IAP_VERIFY: 0005bf90 len:240 
IAP_VERIFY: 0005c080 len:240 
IAP_VERIFY: 0005c170 len:240 
IAP_VERIFY: 0005c260 len:240 
IAP_VERIFY: 0005c350 len:240 
IAP_VERIFY: 0005c440 len:240 
IAP_VERIFY: 0005c530 len:240 
IAP_VERIFY: 0005c620 len:240 
IAP_VERIFY: 0005c710 len:240 
IAP_VERIFY: 0005c800 len:240 
IAP_VERIFY: 0005c8f0 len:240 
IAP_VERIFY: 0005c9e0 len:240 
IAP_VERIFY: 0005cad0 len:240 
IAP_VERIFY: 0005cbc0 len:240 
IAP_VERIFY: 0005ccb0 len:240 
IAP_VERIFY: 0005cda0 len:240 
IAP_VERIFY: 0005ce90 len:240 
IAP_VERIFY: 0005cf80 len:240 
IAP_VERIFY: 0005d070 len:240 
IAP_VERIFY: 0005d160 len:240 
IAP_VERIFY: 0005d250 len:240 
IAP_VERIFY: 0005d340 len:240 
IAP_VERIFY: 0005d430 len:240 
IAP_VERIFY: 0005d520 len:240 
IAP_VERIFY: 0005d610 len:240 
IAP_VERIFY: 0005d700 len:240 
IAP_VERIFY: 0005d7f0 len:240 
IAP_VERIFY: 0005d8e0 len:240 
IAP_VERIFY: 0005d9d0 len:240 
IAP_VERIFY: 0005dac0 len:240 
IAP_VERIFY: 0005dbb0 len:240 
IAP_VERIFY: 0005dca0 len:240 
IAP_VERIFY: 0005dd90 len:240 
IAP_VERIFY: 0005de80 len:240 
IAP_VERIFY: 0005df70 len:240 
IAP_VERIFY: 0005e060 len:240 
IAP_VERIFY: 0005e150 len:240 
IAP_VERIFY: 0005e240 len:240 
IAP_VERIFY: 0005e330 len:240 
IAP_VERIFY: 0005e420 len:240 
IAP_VERIFY: 0005e510 len:240 
IAP_VERIFY: 0005e600 len:240 
IAP_VERIFY: 0005e6f0 len:240 
IAP_VERIFY: 0005e7e0 len:240 
IAP_VERIFY: 0005e8d0 len:240 
IAP_VERIFY: 0005e9c0 len:240 
IAP_VERIFY: 0005eab0 len:240 
IAP_VERIFY: 0005eba0 len:240 
IAP_VERIFY: 0005ec90 len:240 

<= [2026-02-26 11:59:20.248]: OTA Send Comp 
IAP_END 
Image Flag 03