
<= [2026-02-26 11:33:56.425]: CH58x_BLE_LIB_V2.13 ,build in(Feb 26 2026:11:33:08)
set ts:1767240000 -> 2026-01-01 04:00:00
Dev.magicCode:0x55aa,Dev.errorCode:0x0004,Dev.onOff:1,Dev.mode:0,Dev.wind:0,Dev.irIdx:255,Dev.irType:0,Dev.setTemp:0.
Device Name: Wch Bt test
Initialized..
Advertising..

<= [2026-02-26 11:33:57.421]: timestamp:1767240000

<= [2026-02-26 11:33:58.412]: timestamp:1767240001

<= [2026-02-26 11:33:59.414]: timestamp:1767240002

<= [2026-02-26 11:33:59.947]: CCCD write: 0x0001
CCCD write: 0x0001
CCCD write: 0x0001
Conn 1 - Int 18 
Connected..

<= [2026-02-26 11:34:00.415]: timestamp:1767240003

<= [2026-02-26 11:34:00.541]: Update 1 - Int 6 

<= [2026-02-26 11:34:00.905]: mtu exchange: 124
Update 1 - Int c 

<= [2026-02-26 11:34:01.422]: timestamp:1767240004

<= [2026-02-26 11:34:01.623]: IAP_INFO 
OTA Send Comp 

<= [2026-02-26 11:34:02.187]: Phy update Rx:2 Tx:2 ..

<= [2026-02-26 11:34:02.422]: timestamp:1767240005

<= [2026-02-26 11:34:03.409]: timestamp:1767240006

<= [2026-02-26 11:34:04.206]: Update 1 - Int c 

<= [2026-02-26 11:34:04.409]: timestamp:1767240007

<= [2026-02-26 11:34:05.414]: timestamp:1767240008

<= [2026-02-26 11:34:06.419]: timestamp:1767240009

<= [2026-02-26 11:34:07.405]: IAP_ERASE start:00037000 num:37
ERASE:00037000 num:0
timestamp:1767240011
ERASE:00038000 num:1
ERASE:00039000 num:2
ERASE:0003a000 num:3
ERASE:0003b000 num:4
ERASE:0003c000 num:5
ERASE:0003d000 num:6
ERASE:0003e000 num:7
ERASE:0003f000 num:8
ERASE:00040000 num:9
ERASE:00041000 num:10
ERASE:00042000 num:11
ERASE:00043000 num:12
ERASE:00044000 num:13
ERASE:00045000 num:14
ERASE:00046000 num:15
ERASE:00047000 num:16
ERASE:00048000 num:17
ERASE:00049000 num:18
ERASE:0004a000 num:19
ERASE:0004b000 num:20
ERASE:0004c000 num:21
ERASE:0004d000 num:22
ERASE:0004e000 num:23
ERASE:0004f000 num:24
ERASE:00050000 num:25
ERASE:00051000 num:26
ERASE:00052000 num:27
ERASE:00053000 num:28
ERASE:00054000 num:29
ERASE:00055000 num:30
ERASE:00056000 num:31
ERASE:00057000 num:32
ERASE:00058000 num:33
ERASE:00059000 num:34
ERASE:0005a000 num:35
ERASE:0005b000 num:36
ERASE Complete

<= [2026-02-26 11:34:08.417]: OTA Send Comp 
IAP_PROM: 00037000 len:112 
IAP_PROM: 00037070 len:112 
IAP_PROM: 000370e0 len:112 
IAP_PROM: 00037150 len:112 
IAP_PROM: 000371c0 len:112 
IAP_PROM: 00037230 len:112 
IAP_PROM: 000372a0 len:112 
IAP_PROM: 00037310 len:112 
IAP_PROM: 00037380 len:112 
IAP_PROM: 000373f0 len:112 
IAP_PROM: 00037460 len:112 
IAP_PROM: 000374d0 len:112 
IAP_PROM: 00037540 len:112 
IAP_PROM: 000375b0 len:112 
IAP_PROM: 00037620 len:112 
IAP_PROM: 00037690 len:112 
IAP_PROM: 00037700 len:112 
IAP_PROM: 00037770 len:112 
IAP_PROM: 000377e0 len:112 
IAP_PROM: 00037850 len:112 
IAP_PROM: 000378c0 len:112 
IAP_PROM: 00037930 len:112 
IAP_PROM: 000379a0 len:112 
IAP_PROM: 00037a10 len:112 
IAP_PROM: 00037a80 len:112 
IAP_PROM: 00037af0 len:112 
IAP_PROM: 00037b60 len:112 
IAP_PROM: 00037bd0 len:112 
IAP_PROM: 00037c40 len:112 
IAP_PROM: 00037cb0 len:112 
IAP_PROM: 00037d20 len:112 
timestamp:1767240012
IAP_PROM: 00037d90 len:112 
IAP_PROM: 00037e00 len:112 
IAP_PROM: 00037e70 len:112 
IAP_PROM: 00037ee0 len:112 
IAP_PROM: 00037f50 len:112 
IAP_PROM: 00037fc0 len:112 
IAP_PROM: 00038030 len:112 
IAP_PROM: 000380a0 len:112 
IAP_PROM: 00038110 len:112 
IAP_PROM: 00038180 len:112 
IAP_PROM: 000381f0 len:112 
IAP_PROM: 00038260 len:112 
IAP_PROM: 000382d0 len:112 
IAP_PROM: 00038340 len:112 
IAP_PROM: 000383b0 len:112 
IAP_PROM: 00038420 len:112 
IAP_PROM: 00038490 len:112 
IAP_PROM: 00038500 len:112 
IAP_PROM: 00038570 len:112 
IAP_PROM: 000385e0 len:112 
IAP_PROM: 00038650 len:112 
IAP_PROM: 000386c0 len:112 
IAP_PROM: 00038730 len:112 
IAP_PROM: 000387a0 len:112 
IAP_PROM: 00038810 len:112 
IAP_PROM: 00038880 len:112 
IAP_PROM: 000388f0 len:112 
IAP_PROM: 00038960 len:112 
IAP_PROM: 000389d0 len:112 
IAP_PROM: 00038a40 len:112 
IAP_PROM: 00038ab0 len:112 
IAP_PROM: 00038b20 len:112 
IAP_PROM: 00038b90 len:112 
IAP_PROM: 00038c00 len:112 
IAP_PROM: 00038c70 len:112 
IAP_PROM: 00038ce0 len:112 
IAP_PROM: 00038d50 len:112 
IAP_PROM: 00038dc0 len:112 
IAP_PROM: 00038e30 len:112 
IAP_PROM: 00038ea0 len:112 
IAP_PROM: 00038f10 len:112 
IAP_PROM: 00038f80 len:112 
IAP_PROM: 00038ff0 len:112 
IAP_PROM: 00039060 len:112 
IAP_PROM: 000390d0 len:112 
IAP_PROM: 00039140 len:112 
IAP_PROM: 000391b0 len:112 
IAP_PROM: 00039220 len:112 
IAP_PROM: 00039290 len:112 
IAP_PROM: 00039300 len:112 
IAP_PROM: 00039370 len:112 
IAP_PROM: 000393e0 len:112 
IAP_PROM: 00039450 len:112 
IAP_PROM: 000394c0 len:112 
IAP_PROM: 00039530 len:112 
IAP_PROM: 000395a0 len:112 
IAP_PROM: 00039610 len:112 
IAP_PROM: 00039680 len:112 
IAP_PROM: 000396f0 len:112 
IAP_PROM: 00039760 len:112 
IAP_PROM: 000397d0 len:112 
IAP_PROM: 00039840 len:112 
IAP_PROM: 000398b0 len:112 
IAP_PROM: 00039920 len:112 
IAP_PROM: 00039990 len:112 
IAP_PROM: 00039a00 len:112 
IAP_PROM: 00039a70 len:112 
IAP_PROM: 00039ae0 len:112 
IAP_PROM: 00039b50 len:112 
IAP_PROM: 00039bc0 len:112 
IAP_PROM: 00039c30 len:112 
IAP_PROM: 00039ca0 len:112 
IAP_PROM: 00039d10 len:112 
IAP_PROM: 00039d80 len:112 
IAP_PROM: 00039df0 len:112 
IAP_PROM: 00039e60 len:112 
IAP_PROM: 00039ed0 len:112 
IAP_PROM: 00039f40 len:112 
IAP_PROM: 00039fb0 len:112 
IAP_PROM: 0003a020 len:112 
IAP_PROM: 0003a090 len:112 
IAP_PROM: 0003a100 len:112 
IAP_PROM: 0003a170 len:112 
IAP_PROM: 0003a1e0 len:112 
IAP_PROM: 0003a250 len:112 
IAP_PROM: 0003a2c0 len:112 
IAP_PROM: 0003a330 len:112 
IAP_PROM: 0003a3a0 len:112 
IAP_PROM: 0003a410 len:112 
IAP_PROM: 0003a480 len:112 
IAP_PROM: 0003a4f0 len:112 
IAP_PROM: 0003a560 len:112 
IAP_PROM: 0003a5d0 len:112 
IAP_PROM: 0003a640 len:112 
IAP_PROM: 0003a6b0 len:112 
IAP_PROM: 0003a720 len:112 
IAP_PROM: 0003a790 len:112 
IAP_PROM: 0003a800 len:112 
IAP_PROM: 0003a870 len:112 
IAP_PROM: 0003a8e0 len:112 
IAP_PROM: 0003a950 len:112 
IAP_PROM: 0003a9c0 len:112 
IAP_PROM: 0003aa30 len:112 
IAP_PROM: 0003aaa0 len:112 
IAP_PROM: 0003ab10 len:112 
IAP_PROM: 0003ab80 len:112 
IAP_PROM: 0003abf0 len:112 
timestamp:1767240013
IAP_PROM: 0003ac60 len:112 
IAP_PROM: 0003acd0 len:112 
IAP_PROM: 0003ad40 len:112 
IAP_PROM: 0003adb0 len:112 
IAP_PROM: 0003ae20 len:112 
IAP_PROM: 0003ae90 len:112 
IAP_PROM: 0003af00 len:112 
IAP_PROM: 0003af70 len:112 
IAP_PROM: 0003afe0 len:112 
IAP_PROM: 0003b050 len:112 
IAP_PROM: 0003b0c0 len:112 
IAP_PROM: 0003b130 len:112 
IAP_PROM: 0003b1a0 len:112 
IAP_PROM: 0003b210 len:112 
IAP_PROM: 0003b280 len:112 
IAP_PROM: 0003b2f0 len:112 
IAP_PROM: 0003b360 len:112 
IAP_PROM: 0003b3d0 len:112 
IAP_PROM: 0003b440 len:112 
IAP_PROM: 0003b4b0 len:112 
IAP_PROM: 0003b520 len:112 
IAP_PROM: 0003b590 len:112 
IAP_PROM: 0003b600 len:112 
IAP_PROM: 0003b670 len:112 
IAP_PROM: 0003b6e0 len:112 
IAP_PROM: 0003b750 len:112 
IAP_PROM: 0003b7c0 len:112 
IAP_PROM: 0003b830 len:112 
IAP_PROM: 0003b8a0 len:112 
IAP_PROM: 0003b910 len:112 
IAP_PROM: 0003b980 len:112 
IAP_PROM: 0003b9f0 len:112 
IAP_PROM: 0003ba60 len:112 
IAP_PROM: 0003bad0 len:112 
IAP_PROM: 0003bb40 len:112 
IAP_PROM: 0003bbb0 len:112 
IAP_PROM: 0003bc20 len:112 
IAP_PROM: 0003bc90 len:112 
IAP_PROM: 0003bd00 len:112 
IAP_PROM: 0003bd70 len:112 
IAP_PROM: 0003bde0 len:112 
IAP_PROM: 0003be50 len:112 
IAP_PROM: 0003bec0 len:112 
IAP_PROM: 0003bf30 len:112 
IAP_PROM: 0003bfa0 len:112 
IAP_PROM: 0003c010 len:112 
IAP_PROM: 0003c080 len:112 
IAP_PROM: 0003c0f0 len:112 
IAP_PROM: 0003c160 len:112 
IAP_PROM: 0003c1d0 len:112 
IAP_PROM: 0003c240 len:112 
IAP_PROM: 0003c2b0 len:112 
IAP_PROM: 0003c320 len:112 
IAP_PROM: 0003c390 len:112 
IAP_PROM: 0003c400 len:112 
IAP_PROM: 0003c470 len:112 
IAP_PROM: 0003c4e0 len:112 
IAP_PROM: 0003c550 len:112 
IAP_PROM: 0003c5c0 len:112 
IAP_PROM: 0003c630 len:112 
IAP_PROM: 0003c6a0 len:112 
IAP_PROM: 0003c710 len:112 
IAP_PROM: 0003c780 len:112 
IAP_PROM: 0003c7f0 len:112 
IAP_PROM: 0003c860 len:112 
IAP_PROM: 0003c8d0 len:112 
IAP_PROM: 0003c940 len:112 
IAP_PROM: 0003c9b0 len:112 
IAP_PROM: 0003ca20 len:112 
IAP_PROM: 0003ca90 len:112 
IAP_PROM: 0003cb00 len:112 
IAP_PROM: 0003cb70 len:112 
IAP_PROM: 0003cbe0 len:112 
IAP_PROM: 0003cc50 len:112 
IAP_PROM: 0003ccc0 len:112 
IAP_PROM: 0003cd30 len:112 
IAP_PROM: 0003cda0 len:112 
IAP_PROM: 0003ce10 len:112 
IAP_PROM: 0003ce80 len:112 
IAP_PROM: 0003cef0 len:112 
IAP_PROM: 0003cf60 len:112 
IAP_PROM: 0003cfd0 len:112 
IAP_PROM: 0003d040 len:112 
IAP_PROM: 0003d0b0 len:112 
IAP_PROM: 0003d120 len:112 
IAP_PROM: 0003d190 len:112 
IAP_PROM: 0003d200 len:112 
IAP_PROM: 0003d270 len:112 
IAP_PROM: 0003d2e0 len:112 
IAP_PROM: 0003d350 len:112 
IAP_PROM: 0003d3c0 len:112 
IAP_PROM: 0003d430 len:112 
IAP_PROM: 0003d4a0 len:112 
IAP_PROM: 0003d510 len:112 
IAP_PROM: 0003d580 len:112 
IAP_PROM: 0003d5f0 len:112 
IAP_PROM: 0003d660 len:112 
IAP_PROM: 0003d6d0 len:112 
IAP_PROM: 0003d740 len:112 
IAP_PROM: 0003d7b0 len:112 
IAP_PROM: 0003d820 len:112 
IAP_PROM: 0003d890 len:112 
IAP_PROM: 0003d900 len:112 
IAP_PROM: 0003d970 len:112 
IAP_PROM: 0003d9e0 len:112 
IAP_PROM: 0003da50 len:112 
IAP_PROM: 0003dac0 len:112 
IAP_PROM: 0003db30 len:112 
IAP_PROM: 0003dba0 len:112 
IAP_PROM: 0003dc10 len:112 
IAP_PROM: 0003dc80 len:112 
IAP_PROM: 0003dcf0 len:112 
IAP_PROM: 0003dd60 len:112 
timestamp:1767240014
IAP_PROM: 0003ddd0 len:112 
IAP_PROM: 0003de40 len:112 
IAP_PROM: 0003deb0 len:112 
IAP_PROM: 0003df20 len:112 
IAP_PROM: 0003df90 len:112 
IAP_PROM: 0003e000 len:112 
IAP_PROM: 0003e070 len:112 
IAP_PROM: 0003e0e0 len:112 
IAP_PROM: 0003e150 len:112 
IAP_PROM: 0003e1c0 len:112 
IAP_PROM: 0003e230 len:112 
IAP_PROM: 0003e2a0 len:112 
IAP_PROM: 0003e310 len:112 
IAP_PROM: 0003e380 len:112 
IAP_PROM: 0003e3f0 len:112 
IAP_PROM: 0003e460 len:112 
IAP_PROM: 0003e4d0 len:112 
IAP_PROM: 0003e540 len:112 
IAP_PROM: 0003e5b0 len:112 
IAP_PROM: 0003e620 len:112 
IAP_PROM: 0003e690 len:112 
IAP_PROM: 0003e700 len:112 
IAP_PROM: 0003e770 len:112 
IAP_PROM: 0003e7e0 len:112 
IAP_PROM: 0003e850 len:112 
IAP_PROM: 0003e8c0 len:112 
IAP_PROM: 0003e930 len:112 
IAP_PROM: 0003e9a0 len:112 
IAP_PROM: 0003ea10 len:112 
IAP_PROM: 0003ea80 len:112 
IAP_PROM: 0003eaf0 len:112 
IAP_PROM: 0003eb60 len:112 
IAP_PROM: 0003ebd0 len:112 
IAP_PROM: 0003ec40 len:112 
IAP_PROM: 0003ecb0 len:112 
IAP_PROM: 0003ed20 len:112 
IAP_PROM: 0003ed90 len:112 
IAP_PROM: 0003ee00 len:112 
IAP_PROM: 0003ee70 len:112 
IAP_PROM: 0003eee0 len:112 
IAP_PROM: 0003ef50 len:112 
IAP_PROM: 0003efc0 len:112 
IAP_PROM: 0003f030 len:112 
IAP_PROM: 0003f0a0 len:112 
IAP_PROM: 0003f110 len:112 
IAP_PROM: 0003f180 len:112 
IAP_PROM: 0003f1f0 len:112 
IAP_PROM: 0003f260 len:112 
IAP_PROM: 0003f2d0 len:112 
IAP_PROM: 0003f340 len:112 
IAP_PROM: 0003f3b0 len:112 
IAP_PROM: 0003f420 len:112 
IAP_PROM: 0003f490 len:112 
IAP_PROM: 0003f500 len:112 
IAP_PROM: 0003f570 len:112 
IAP_PROM: 0003f5e0 len:112 
IAP_PROM: 0003f650 len:112 
IAP_PROM: 0003f6c0 len:112 
IAP_PROM: 0003f730 len:112 
IAP_PROM: 0003f7a0 len:112 
IAP_PROM: 0003f810 len:112 
IAP_PROM: 0003f880 len:112 
IAP_PROM: 0003f8f0 len:112 
IAP_PROM: 0003f960 len:112 
IAP_PROM: 0003f9d0 len:112 
IAP_PROM: 0003fa40 len:112 
IAP_PROM: 0003fab0 len:112 
IAP_PROM: 0003fb20 len:112 
IAP_PROM: 0003fb90 len:112 
IAP_PROM: 0003fc00 len:112 
IAP_PROM: 0003fc70 len:112 
IAP_PROM: 0003fce0 len:112 
IAP_PROM: 0003fd50 len:112 
IAP_PROM: 0003fdc0 len:112 
IAP_PROM: 0003fe30 len:112 
IAP_PROM: 0003fea0 len:112 
IAP_PROM: 0003ff10 len:112 
IAP_PROM: 0003ff80 len:112 
IAP_PROM: 0003fff0 len:112 
IAP_PROM: 00040060 len:112 
IAP_PROM: 000400d0 len:112 
IAP_PROM: 00040140 len:112 
IAP_PROM: 000401b0 len:112 
IAP_PROM: 00040220 len:112 
IAP_PROM: 00040290 len:112 
IAP_PROM: 00040300 len:112 
IAP_PROM: 00040370 len:112 
IAP_PROM: 000403e0 len:112 
IAP_PROM: 00040450 len:112 
IAP_PROM: 000404c0 len:112 
IAP_PROM: 00040530 len:112 
IAP_PROM: 000405a0 len:112 
IAP_PROM: 00040610 len:112 
IAP_PROM: 00040680 len:112 
IAP_PROM: 000406f0 len:112 
IAP_PROM: 00040760 len:112 
IAP_PROM: 000407d0 len:112 
IAP_PROM: 00040840 len:112 
IAP_PROM: 000408b0 len:112 
IAP_PROM: 00040920 len:112 
IAP_PROM: 00040990 len:112 
IAP_PROM: 00040a00 len:112 
IAP_PROM: 00040a70 len:112 
IAP_PROM: 00040ae0 len:112 
IAP_PROM: 00040b50 len:112 
IAP_PROM: 00040bc0 len:112 
IAP_PROM: 00040c30 len:112 
IAP_PROM: 00040ca0 len:112 
IAP_PROM: 00040d10 len:112 
timestamp:1767240015
IAP_PROM: 00040d80 len:112 
IAP_PROM: 00040df0 len:112 
IAP_PROM: 00040e60 len:112 
IAP_PROM: 00040ed0 len:112 
IAP_PROM: 00040f40 len:112 
IAP_PROM: 00040fb0 len:112 
IAP_PROM: 00041020 len:112 
IAP_PROM: 00041090 len:112 
IAP_PROM: 00041100 len:112 
IAP_PROM: 00041170 len:112 
IAP_PROM: 000411e0 len:112 
IAP_PROM: 00041250 len:112 
IAP_PROM: 000412c0 len:112 
IAP_PROM: 00041330 len:112 
IAP_PROM: 000413a0 len:112 
IAP_PROM: 00041410 len:112 
IAP_PROM: 00041480 len:112 
IAP_PROM: 000414f0 len:112 
IAP_PROM: 00041560 len:112 
IAP_PROM: 000415d0 len:112 
IAP_PROM: 00041640 len:112 
IAP_PROM: 000416b0 len:112 
IAP_PROM: 00041720 len:112 
IAP_PROM: 00041790 len:112 
IAP_PROM: 00041800 len:112 
IAP_PROM: 00041870 len:112 
IAP_PROM: 000418e0 len:112 
IAP_PROM: 00041950 len:112 
IAP_PROM: 000419c0 len:112 
IAP_PROM: 00041a30 len:112 
IAP_PROM: 00041aa0 len:112 
IAP_PROM: 00041b10 len:112 
IAP_PROM: 00041b80 len:112 
IAP_PROM: 00041bf0 len:112 
IAP_PROM: 00041c60 len:112 
IAP_PROM: 00041cd0 len:112 
IAP_PROM: 00041d40 len:112 
IAP_PROM: 00041db0 len:112 
IAP_PROM: 00041e20 len:112 
IAP_PROM: 00041e90 len:112 
IAP_PROM: 00041f00 len:112 
IAP_PROM: 00041f70 len:112 
IAP_PROM: 00041fe0 len:112 
IAP_PROM: 00042050 len:112 
IAP_PROM: 000420c0 len:112 
IAP_PROM: 00042130 len:112 
IAP_PROM: 000421a0 len:112 
IAP_PROM: 00042210 len:112 
IAP_PROM: 00042280 len:112 
IAP_PROM: 000422f0 len:112 
IAP_PROM: 00042360 len:112 
IAP_PROM: 000423d0 len:112 
IAP_PROM: 00042440 len:112 
IAP_PROM: 000424b0 len:112 
IAP_PROM: 00042520 len:112 
IAP_PROM: 00042590 len:112 
IAP_PROM: 00042600 len:112 
IAP_PROM: 00042670 len:112 
IAP_PROM: 000426e0 len:112 
IAP_PROM: 00042750 len:112 
IAP_PROM: 000427c0 len:112 
IAP_PROM: 00042830 len:112 
IAP_PROM: 000428a0 len:112 
IAP_PROM: 00042910 len:112 
IAP_PROM: 00042980 len:112 
IAP_PROM: 000429f0 len:112 
IAP_PROM: 00042a60 len:112 
IAP_PROM: 00042ad0 len:112 
IAP_PROM: 00042b40 len:112 
IAP_PROM: 00042bb0 len:112 
IAP_PROM: 00042c20 len:112 
IAP_PROM: 00042c90 len:112 
IAP_PROM: 00042d00 len:112 
IAP_PROM: 00042d70 len:112 
IAP_PROM: 00042de0 len:112 
IAP_PROM: 00042e50 len:112 
IAP_PROM: 00042ec0 len:112 
IAP_PROM: 00042f30 len:112 
IAP_PROM: 00042fa0 len:112 
IAP_PROM: 00043010 len:112 
IAP_PROM: 00043080 len:112 
IAP_PROM: 000430f0 len:112 
IAP_PROM: 00043160 len:112 
IAP_PROM: 000431d0 len:112 
IAP_PROM: 00043240 len:112 
IAP_PROM: 000432b0 len:112 
IAP_PROM: 00043320 len:112 
IAP_PROM: 00043390 len:112 
IAP_PROM: 00043400 len:112 
IAP_PROM: 00043470 len:112 
IAP_PROM: 000434e0 len:112 
IAP_PROM: 00043550 len:112 
IAP_PROM: 000435c0 len:112 
IAP_PROM: 00043630 len:112 
IAP_PROM: 000436a0 len:112 
IAP_PROM: 00043710 len:112 
IAP_PROM: 00043780 len:112 
IAP_PROM: 000437f0 len:112 
IAP_PROM: 00043860 len:112 
IAP_PROM: 000438d0 len:112 
IAP_PROM: 00043940 len:112 
IAP_PROM: 000439b0 len:112 
IAP_PROM: 00043a20 len:112 
IAP_PROM: 00043a90 len:112 
IAP_PROM: 00043b00 len:112 
IAP_PROM: 00043b70 len:112 
timestamp:1767240016
IAP_PROM: 00043be0 len:112 
IAP_PROM: 00043c50 len:112 
IAP_PROM: 00043cc0 len:112 
IAP_PROM: 00043d30 len:112 
IAP_PROM: 00043da0 len:112 
IAP_PROM: 00043e10 len:112 
IAP_PROM: 00043e80 len:112 
IAP_PROM: 00043ef0 len:112 
IAP_PROM: 00043f60 len:112 
IAP_PROM: 00043fd0 len:112 
IAP_PROM: 00044040 len:112 
IAP_PROM: 000440b0 len:112 
IAP_PROM: 00044120 len:112 
IAP_PROM: 00044190 len:112 
IAP_PROM: 00044200 len:112 
IAP_PROM: 00044270 len:112 
IAP_PROM: 000442e0 len:112 
IAP_PROM: 00044350 len:112 
IAP_PROM: 000443c0 len:112 
IAP_PROM: 00044430 len:112 
IAP_PROM: 000444a0 len:112 
IAP_PROM: 00044510 len:112 
IAP_PROM: 00044580 len:112 
IAP_PROM: 000445f0 len:112 
IAP_PROM: 00044660 len:112 
IAP_PROM: 000446d0 len:112 
IAP_PROM: 00044740 len:112 
IAP_PROM: 000447b0 len:112 
IAP_PROM: 00044820 len:112 
IAP_PROM: 00044890 len:112 
IAP_PROM: 00044900 len:112 
IAP_PROM: 00044970 len:112 
IAP_PROM: 000449e0 len:112 
IAP_PROM: 00044a50 len:112 
IAP_PROM: 00044ac0 len:112 
IAP_PROM: 00044b30 len:112 
IAP_PROM: 00044ba0 len:112 
IAP_PROM: 00044c10 len:112 
IAP_PROM: 00044c80 len:112 
IAP_PROM: 00044cf0 len:112 
IAP_PROM: 00044d60 len:112 
IAP_PROM: 00044dd0 len:112 
IAP_PROM: 00044e40 len:112 
IAP_PROM: 00044eb0 len:112 
IAP_PROM: 00044f20 len:112 
IAP_PROM: 00044f90 len:112 
IAP_PROM: 00045000 len:112 
IAP_PROM: 00045070 len:112 
IAP_PROM: 000450e0 len:112 
IAP_PROM: 00045150 len:112 
IAP_PROM: 000451c0 len:112 
IAP_PROM: 00045230 len:112 
IAP_PROM: 000452a0 len:112 
IAP_PROM: 00045310 len:112 
IAP_PROM: 00045380 len:112 
IAP_PROM: 000453f0 len:112 
IAP_PROM: 00045460 len:112 
IAP_PROM: 000454d0 len:112 
IAP_PROM: 00045540 len:112 
IAP_PROM: 000455b0 len:112 
IAP_PROM: 00045620 len:112 
IAP_PROM: 00045690 len:112 
IAP_PROM: 00045700 len:112 
IAP_PROM: 00045770 len:112 
IAP_PROM: 000457e0 len:112 
IAP_PROM: 00045850 len:112 
IAP_PROM: 000458c0 len:112 
IAP_PROM: 00045930 len:112 
IAP_PROM: 000459a0 len:112 
IAP_PROM: 00045a10 len:112 
IAP_PROM: 00045a80 len:112 
IAP_PROM: 00045af0 len:112 
IAP_PROM: 00045b60 len:112 
IAP_PROM: 00045bd0 len:112 
IAP_PROM: 00045c40 len:112 
IAP_PROM: 00045cb0 len:112 
IAP_PROM: 00045d20 len:112 
IAP_PROM: 00045d90 len:112 
IAP_PROM: 00045e00 len:112 
IAP_PROM: 00045e70 len:112 
IAP_PROM: 00045ee0 len:112 
IAP_PROM: 00045f50 len:112 
IAP_PROM: 00045fc0 len:112 
IAP_PROM: 00046030 len:112 
IAP_PROM: 000460a0 len:112 
IAP_PROM: 00046110 len:112 
IAP_PROM: 00046180 len:112 
IAP_PROM: 000461f0 len:112 
IAP_PROM: 00046260 len:112 
IAP_PROM: 000462d0 len:112 
IAP_PROM: 00046340 len:112 
IAP_PROM: 000463b0 len:112 
IAP_PROM: 00046420 len:112 
IAP_PROM: 00046490 len:112 
IAP_PROM: 00046500 len:112 
IAP_PROM: 00046570 len:112 
IAP_PROM: 000465e0 len:112 
IAP_PROM: 00046650 len:112 
IAP_PROM: 000466c0 len:112 
IAP_PROM: 00046730 len:112 
IAP_PROM: 000467a0 len:112 
IAP_PROM: 00046810 len:112 
IAP_PROM: 00046880 len:112 
IAP_PROM: 000468f0 len:112 
IAP_PROM: 00046960 len:112 
IAP_PROM: 000469d0 len:112 
IAP_PROM: 00046a40 len:112 
IAP_PROM: 00046ab0 len:112 
timestamp:1767240017
IAP_PROM: 00046b20 len:112 
IAP_PROM: 00046b90 len:112 
IAP_PROM: 00046c00 len:112 
IAP_PROM: 00046c70 len:112 
IAP_PROM: 00046ce0 len:112 
IAP_PROM: 00046d50 len:112 
IAP_PROM: 00046dc0 len:112 
IAP_PROM: 00046e30 len:112 
IAP_PROM: 00046ea0 len:112 
IAP_PROM: 00046f10 len:112 
IAP_PROM: 00046f80 len:112 
IAP_PROM: 00046ff0 len:112 
IAP_PROM: 00047060 len:112 
IAP_PROM: 000470d0 len:112 
IAP_PROM: 00047140 len:112 
IAP_PROM: 000471b0 len:112 
IAP_PROM: 00047220 len:112 
IAP_PROM: 00047290 len:112 
IAP_PROM: 00047300 len:112 
IAP_PROM: 00047370 len:112 
IAP_PROM: 000473e0 len:112 
IAP_PROM: 00047450 len:112 
IAP_PROM: 000474c0 len:112 
IAP_PROM: 00047530 len:112 
IAP_PROM: 000475a0 len:112 
IAP_PROM: 00047610 len:112 
IAP_PROM: 00047680 len:112 
IAP_PROM: 000476f0 len:112 
IAP_PROM: 00047760 len:112 
IAP_PROM: 000477d0 len:112 
IAP_PROM: 00047840 len:112 
IAP_PROM: 000478b0 len:112 
IAP_PROM: 00047920 len:112 
IAP_PROM: 00047990 len:112 
IAP_PROM: 00047a00 len:112 
IAP_PROM: 00047a70 len:112 
IAP_PROM: 00047ae0 len:112 
IAP_PROM: 00047b50 len:112 
IAP_PROM: 00047bc0 len:112 
IAP_PROM: 00047c30 len:112 
IAP_PROM: 00047ca0 len:112 
IAP_PROM: 00047d10 len:112 
IAP_PROM: 00047d80 len:112 
IAP_PROM: 00047df0 len:112 
IAP_PROM: 00047e60 len:112 
IAP_PROM: 00047ed0 len:112 
IAP_PROM: 00047f40 len:112 
IAP_PROM: 00047fb0 len:112 
IAP_PROM: 00048020 len:112 
IAP_PROM: 00048090 len:112 
IAP_PROM: 00048100 len:112 
IAP_PROM: 00048170 len:112 
IAP_PROM: 000481e0 len:112 
IAP_PROM: 00048250 len:112 
IAP_PROM: 000482c0 len:112 
IAP_PROM: 00048330 len:112 
IAP_PROM: 000483a0 len:112 
IAP_PROM: 00048410 len:112 
IAP_PROM: 00048480 len:112 
IAP_PROM: 000484f0 len:112 
IAP_PROM: 00048560 len:112 
IAP_PROM: 000485d0 len:112 
IAP_PROM: 00048640 len:112 
IAP_PROM: 000486b0 len:112 
IAP_PROM: 00048720 len:112 
IAP_PROM: 00048790 len:112 
IAP_PROM: 00048800 len:112 
IAP_PROM: 00048870 len:112 
IAP_PROM: 000488e0 len:112 
IAP_PROM: 00048950 len:112 
IAP_PROM: 000489c0 len:112 
IAP_PROM: 00048a30 len:112 
IAP_PROM: 00048aa0 len:112 
IAP_PROM: 00048b10 len:112 
IAP_PROM: 00048b80 len:112 
IAP_PROM: 00048bf0 len:112 
IAP_PROM: 00048c60 len:112 
IAP_PROM: 00048cd0 len:112 
IAP_PROM: 00048d40 len:112 
IAP_PROM: 00048db0 len:112 
IAP_PROM: 00048e20 len:112 
IAP_PROM: 00048e90 len:112 
IAP_PROM: 00048f00 len:112 
IAP_PROM: 00048f70 len:112 
IAP_PROM: 00048fe0 len:112 
IAP_PROM: 00049050 len:112 
IAP_PROM: 000490c0 len:112 
IAP_PROM: 00049130 len:112 
IAP_PROM: 000491a0 len:112 
IAP_PROM: 00049210 len:112 
IAP_PROM: 00049280 len:112 
IAP_PROM: 000492f0 len:112 
IAP_PROM: 00049360 len:112 
IAP_PROM: 000493d0 len:112 
IAP_PROM: 00049440 len:112 
IAP_PROM: 000494b0 len:112 
IAP_PROM: 00049520 len:112 
IAP_PROM: 00049590 len:112 
IAP_PROM: 00049600 len:112 
IAP_PROM: 00049670 len:112 
IAP_PROM: 000496e0 len:112 
IAP_PROM: 00049750 len:112 
IAP_PROM: 000497c0 len:112 
IAP_PROM: 00049830 len:112 
IAP_PROM: 000498a0 len:112 
IAP_PROM: 00049910 len:112 
IAP_PROM: 00049980 len:112 
IAP_PROM: 000499f0 len:112 
IAP_PROM: 00049a60 len:112 
timestamp:1767240018
IAP_PROM: 00049ad0 len:112 
IAP_PROM: 00049b40 len:112 
IAP_PROM: 00049bb0 len:112 
IAP_PROM: 00049c20 len:112 
IAP_PROM: 00049c90 len:112 
IAP_PROM: 00049d00 len:112 
IAP_PROM: 00049d70 len:112 
IAP_PROM: 00049de0 len:112 
IAP_PROM: 00049e50 len:112 
IAP_PROM: 00049ec0 len:112 
IAP_PROM: 00049f30 len:112 
IAP_PROM: 00049fa0 len:112 
IAP_PROM: 0004a010 len:112 
IAP_PROM: 0004a080 len:112 
IAP_PROM: 0004a0f0 len:112 
IAP_PROM: 0004a160 len:112 
IAP_PROM: 0004a1d0 len:112 
IAP_PROM: 0004a240 len:112 
IAP_PROM: 0004a2b0 len:112 
IAP_PROM: 0004a320 len:112 
IAP_PROM: 0004a390 len:112 
IAP_PROM: 0004a400 len:112 
IAP_PROM: 0004a470 len:112 
IAP_PROM: 0004a4e0 len:112 
IAP_PROM: 0004a550 len:112 
IAP_PROM: 0004a5c0 len:112 
IAP_PROM: 0004a630 len:112 
IAP_PROM: 0004a6a0 len:112 
IAP_PROM: 0004a710 len:112 
IAP_PROM: 0004a780 len:112 
IAP_PROM: 0004a7f0 len:112 
IAP_PROM: 0004a860 len:112 
IAP_PROM: 0004a8d0 len:112 
IAP_PROM: 0004a940 len:112 
IAP_PROM: 0004a9b0 len:112 
IAP_PROM: 0004aa20 len:112 
IAP_PROM: 0004aa90 len:112 
IAP_PROM: 0004ab00 len:112 
IAP_PROM: 0004ab70 len:112 
IAP_PROM: 0004abe0 len:112 
IAP_PROM: 0004ac50 len:112 
IAP_PROM: 0004acc0 len:112 
IAP_PROM: 0004ad30 len:112 
IAP_PROM: 0004ada0 len:112 
IAP_PROM: 0004ae10 len:112 
IAP_PROM: 0004ae80 len:112 
IAP_PROM: 0004aef0 len:112 
IAP_PROM: 0004af60 len:112 
IAP_PROM: 0004afd0 len:112 
IAP_PROM: 0004b040 len:112 
IAP_PROM: 0004b0b0 len:112 
IAP_PROM: 0004b120 len:112 
IAP_PROM: 0004b190 len:112 
IAP_PROM: 0004b200 len:112 
IAP_PROM: 0004b270 len:112 
IAP_PROM: 0004b2e0 len:112 
IAP_PROM: 0004b350 len:112 
IAP_PROM: 0004b3c0 len:112 
IAP_PROM: 0004b430 len:112 
IAP_PROM: 0004b4a0 len:112 
IAP_PROM: 0004b510 len:112 
IAP_PROM: 0004b580 len:112 
IAP_PROM: 0004b5f0 len:112 
IAP_PROM: 0004b660 len:112 
IAP_PROM: 0004b6d0 len:112 
IAP_PROM: 0004b740 len:112 
IAP_PROM: 0004b7b0 len:112 
IAP_PROM: 0004b820 len:112 
IAP_PROM: 0004b890 len:112 
IAP_PROM: 0004b900 len:112 
IAP_PROM: 0004b970 len:112 
IAP_PROM: 0004b9e0 len:112 
IAP_PROM: 0004ba50 len:112 
IAP_PROM: 0004bac0 len:112 
IAP_PROM: 0004bb30 len:112 
IAP_PROM: 0004bba0 len:112 
IAP_PROM: 0004bc10 len:112 
IAP_PROM: 0004bc80 len:112 
IAP_PROM: 0004bcf0 len:112 
IAP_PROM: 0004bd60 len:112 
IAP_PROM: 0004bdd0 len:112 
IAP_PROM: 0004be40 len:112 
IAP_PROM: 0004beb0 len:112 
IAP_PROM: 0004bf20 len:112 
IAP_PROM: 0004bf90 len:112 
IAP_PROM: 0004c000 len:112 
IAP_PROM: 0004c070 len:112 
IAP_PROM: 0004c0e0 len:112 
IAP_PROM: 0004c150 len:112 
IAP_PROM: 0004c1c0 len:112 
IAP_PROM: 0004c230 len:112 
IAP_PROM: 0004c2a0 len:112 
IAP_PROM: 0004c310 len:112 
IAP_PROM: 0004c380 len:112 
IAP_PROM: 0004c3f0 len:112 
IAP_PROM: 0004c460 len:112 
IAP_PROM: 0004c4d0 len:112 
IAP_PROM: 0004c540 len:112 
IAP_PROM: 0004c5b0 len:112 
IAP_PROM: 0004c620 len:112 
IAP_PROM: 0004c690 len:112 
IAP_PROM: 0004c700 len:112 
IAP_PROM: 0004c770 len:112 
IAP_PROM: 0004c7e0 len:112 
IAP_PROM: 0004c850 len:112 
IAP_PROM: 0004c8c0 len:112 
IAP_PROM: 0004c930 len:112 
IAP_PROM: 0004c9a0 len:112 
timestamp:1767240019
IAP_PROM: 0004ca10 len:112 
IAP_PROM: 0004ca80 len:112 
IAP_PROM: 0004caf0 len:112 
IAP_PROM: 0004cb60 len:112 
IAP_PROM: 0004cbd0 len:112 
IAP_PROM: 0004cc40 len:112 
IAP_PROM: 0004ccb0 len:112 
IAP_PROM: 0004cd20 len:112 
IAP_PROM: 0004cd90 len:112 
IAP_PROM: 0004ce00 len:112 
IAP_PROM: 0004ce70 len:112 
IAP_PROM: 0004cee0 len:112 
IAP_PROM: 0004cf50 len:112 
IAP_PROM: 0004cfc0 len:112 
IAP_PROM: 0004d030 len:112 
IAP_PROM: 0004d0a0 len:112 
IAP_PROM: 0004d110 len:112 
IAP_PROM: 0004d180 len:112 
IAP_PROM: 0004d1f0 len:112 
IAP_PROM: 0004d260 len:112 
IAP_PROM: 0004d2d0 len:112 
IAP_PROM: 0004d340 len:112 
IAP_PROM: 0004d3b0 len:112 
IAP_PROM: 0004d420 len:112 
IAP_PROM: 0004d490 len:112 
IAP_PROM: 0004d500 len:112 
IAP_PROM: 0004d570 len:112 
IAP_PROM: 0004d5e0 len:112 
IAP_PROM: 0004d650 len:112 
IAP_PROM: 0004d6c0 len:112 
IAP_PROM: 0004d730 len:112 
IAP_PROM: 0004d7a0 len:112 
IAP_PROM: 0004d810 len:112 
IAP_PROM: 0004d880 len:112 
IAP_PROM: 0004d8f0 len:112 
IAP_PROM: 0004d960 len:112 
IAP_PROM: 0004d9d0 len:112 
IAP_PROM: 0004da40 len:112 
IAP_PROM: 0004dab0 len:112 
IAP_PROM: 0004db20 len:112 
IAP_PROM: 0004db90 len:112 
IAP_PROM: 0004dc00 len:112 
IAP_PROM: 0004dc70 len:112 
IAP_PROM: 0004dce0 len:112 
IAP_PROM: 0004dd50 len:112 
IAP_PROM: 0004ddc0 len:112 
IAP_PROM: 0004de30 len:112 
IAP_PROM: 0004dea0 len:112 
IAP_PROM: 0004df10 len:112 
IAP_PROM: 0004df80 len:112 
IAP_PROM: 0004dff0 len:112 
IAP_PROM: 0004e060 len:112 
IAP_PROM: 0004e0d0 len:112 
IAP_PROM: 0004e140 len:112 
IAP_PROM: 0004e1b0 len:112 
IAP_PROM: 0004e220 len:112 
IAP_PROM: 0004e290 len:112 
IAP_PROM: 0004e300 len:112 
IAP_PROM: 0004e370 len:112 
IAP_PROM: 0004e3e0 len:112 
IAP_PROM: 0004e450 len:112 
IAP_PROM: 0004e4c0 len:112 
IAP_PROM: 0004e530 len:112 
IAP_PROM: 0004e5a0 len:112 
IAP_PROM: 0004e610 len:112 
IAP_PROM: 0004e680 len:112 
IAP_PROM: 0004e6f0 len:112 
IAP_PROM: 0004e760 len:112 
IAP_PROM: 0004e7d0 len:112 
IAP_PROM: 0004e840 len:112 
IAP_PROM: 0004e8b0 len:112 
IAP_PROM: 0004e920 len:112 
IAP_PROM: 0004e990 len:112 
IAP_PROM: 0004ea00 len:112 
IAP_PROM: 0004ea70 len:112 
IAP_PROM: 0004eae0 len:112 
IAP_PROM: 0004eb50 len:112 
IAP_PROM: 0004ebc0 len:112 
IAP_PROM: 0004ec30 len:112 
IAP_PROM: 0004eca0 len:112 
IAP_PROM: 0004ed10 len:112 
IAP_PROM: 0004ed80 len:112 
IAP_PROM: 0004edf0 len:112 
IAP_PROM: 0004ee60 len:112 
IAP_PROM: 0004eed0 len:112 
IAP_PROM: 0004ef40 len:112 
IAP_PROM: 0004efb0 len:112 
IAP_PROM: 0004f020 len:112 
IAP_PROM: 0004f090 len:112 
IAP_PROM: 0004f100 len:112 
IAP_PROM: 0004f170 len:112 
IAP_PROM: 0004f1e0 len:112 
IAP_PROM: 0004f250 len:112 
IAP_PROM: 0004f2c0 len:112 
IAP_PROM: 0004f330 len:112 
IAP_PROM: 0004f3a0 len:112 
IAP_PROM: 0004f410 len:112 
IAP_PROM: 0004f480 len:112 
IAP_PROM: 0004f4f0 len:112 
IAP_PROM: 0004f560 len:112 
IAP_PROM: 0004f5d0 len:112 
IAP_PROM: 0004f640 len:112 
IAP_PROM: 0004f6b0 len:112 
IAP_PROM: 0004f720 len:112 
IAP_PROM: 0004f790 len:112 
IAP_PROM: 0004f800 len:112 
IAP_PROM: 0004f870 len:112 
IAP_PROM: 0004f8e0 len:112 
IAP_PROM: 0004f950 len:112 
IAP_PROM: 0004f9c0 len:112 
IAP_PROM: 0004fa30 len:112 
IAP_PROM: 0004faa0 len:112 
IAP_PROM: 0004fb10 len:112 
IAP_PROM: 0004fb80 len:112 
IAP_PROM: 0004fbf0 len:112 
IAP_PROM: 0004fc60 len:112 
timestamp:1767240020
IAP_PROM: 0004fcd0 len:112 
IAP_PROM: 0004fd40 len:112 
IAP_PROM: 0004fdb0 len:112 
IAP_PROM: 0004fe20 len:112 
IAP_PROM: 0004fe90 len:112 
IAP_PROM: 0004ff00 len:112 
IAP_PROM: 0004ff70 len:112 
IAP_PROM: 0004ffe0 len:112 
IAP_PROM: 00050050 len:112 
IAP_PROM: 000500c0 len:112 
IAP_PROM: 00050130 len:112 
IAP_PROM: 000501a0 len:112 
IAP_PROM: 00050210 len:112 
IAP_PROM: 00050280 len:112 
IAP_PROM: 000502f0 len:112 
IAP_PROM: 00050360 len:112 
IAP_PROM: 000503d0 len:112 
IAP_PROM: 00050440 len:112 
IAP_PROM: 000504b0 len:112 
IAP_PROM: 00050520 len:112 
IAP_PROM: 00050590 len:112 
IAP_PROM: 00050600 len:112 
IAP_PROM: 00050670 len:112 
IAP_PROM: 000506e0 len:112 
IAP_PROM: 00050750 len:112 
IAP_PROM: 000507c0 len:112 
IAP_PROM: 00050830 len:112 
IAP_PROM: 000508a0 len:112 
IAP_PROM: 00050910 len:112 
IAP_PROM: 00050980 len:112 
IAP_PROM: 000509f0 len:112 
IAP_PROM: 00050a60 len:112 
IAP_PROM: 00050ad0 len:112 
IAP_PROM: 00050b40 len:112 
IAP_PROM: 00050bb0 len:112 
IAP_PROM: 00050c20 len:112 
IAP_PROM: 00050c90 len:112 
IAP_PROM: 00050d00 len:112 
IAP_PROM: 00050d70 len:112 
IAP_PROM: 00050de0 len:112 
IAP_PROM: 00050e50 len:112 
IAP_PROM: 00050ec0 len:112 
IAP_PROM: 00050f30 len:112 
IAP_PROM: 00050fa0 len:112 
IAP_PROM: 00051010 len:112 
IAP_PROM: 00051080 len:112 
IAP_PROM: 000510f0 len:112 
IAP_PROM: 00051160 len:112 
IAP_PROM: 000511d0 len:112 
IAP_PROM: 00051240 len:112 
IAP_PROM: 000512b0 len:112 
IAP_PROM: 00051320 len:112 
IAP_PROM: 00051390 len:112 
IAP_PROM: 00051400 len:112 
IAP_PROM: 00051470 len:112 
IAP_PROM: 000514e0 len:112 
IAP_PROM: 00051550 len:112 
IAP_PROM: 000515c0 len:112 
IAP_PROM: 00051630 len:112 
IAP_PROM: 000516a0 len:112 
IAP_PROM: 00051710 len:112 
IAP_PROM: 00051780 len:112 
IAP_PROM: 000517f0 len:112 
IAP_PROM: 00051860 len:112 
IAP_PROM: 000518d0 len:112 
IAP_PROM: 00051940 len:112 
IAP_PROM: 000519b0 len:112 
IAP_PROM: 00051a20 len:112 
IAP_PROM: 00051a90 len:112 
IAP_PROM: 00051b00 len:112 
IAP_PROM: 00051b70 len:112 
IAP_PROM: 00051be0 len:112 
IAP_PROM: 00051c50 len:112 
IAP_PROM: 00051cc0 len:112 
IAP_PROM: 00051d30 len:112 
IAP_PROM: 00051da0 len:112 
IAP_PROM: 00051e10 len:112 
IAP_PROM: 00051e80 len:112 
IAP_PROM: 00051ef0 len:112 
IAP_PROM: 00051f60 len:112 
IAP_PROM: 00051fd0 len:112 
IAP_PROM: 00052040 len:112 
IAP_PROM: 000520b0 len:112 
IAP_PROM: 00052120 len:112 
IAP_PROM: 00052190 len:112 
IAP_PROM: 00052200 len:112 
IAP_PROM: 00052270 len:112 
IAP_PROM: 000522e0 len:112 
IAP_PROM: 00052350 len:112 
IAP_PROM: 000523c0 len:112 
IAP_PROM: 00052430 len:112 
IAP_PROM: 000524a0 len:112 
IAP_PROM: 00052510 len:112 
IAP_PROM: 00052580 len:112 
IAP_PROM: 000525f0 len:112 
IAP_PROM: 00052660 len:112 
IAP_PROM: 000526d0 len:112 
IAP_PROM: 00052740 len:112 
IAP_PROM: 000527b0 len:112 
IAP_PROM: 00052820 len:112 
IAP_PROM: 00052890 len:112 
IAP_PROM: 00052900 len:112 
IAP_PROM: 00052970 len:112 
IAP_PROM: 000529e0 len:112 
IAP_PROM: 00052a50 len:112 
IAP_PROM: 00052ac0 len:112 
IAP_PROM: 00052b30 len:112 
timestamp:1767240021
IAP_PROM: 00052ba0 len:112 
IAP_PROM: 00052c10 len:112 
IAP_PROM: 00052c80 len:112 
IAP_PROM: 00052cf0 len:112 
IAP_PROM: 00052d60 len:112 
IAP_PROM: 00052dd0 len:112 
IAP_PROM: 00052e40 len:112 
IAP_PROM: 00052eb0 len:112 
IAP_PROM: 00052f20 len:112 
IAP_PROM: 00052f90 len:112 
IAP_PROM: 00053000 len:112 
IAP_PROM: 00053070 len:112 
IAP_PROM: 000530e0 len:112 
IAP_PROM: 00053150 len:112 
IAP_PROM: 000531c0 len:112 
IAP_PROM: 00053230 len:112 
IAP_PROM: 000532a0 len:112 
IAP_PROM: 00053310 len:112 
IAP_PROM: 00053380 len:112 
IAP_PROM: 000533f0 len:112 
IAP_PROM: 00053460 len:112 
IAP_PROM: 000534d0 len:112 
IAP_PROM: 00053540 len:112 
IAP_PROM: 000535b0 len:112 
IAP_PROM: 00053620 len:112 
IAP_PROM: 00053690 len:112 
IAP_PROM: 00053700 len:112 
IAP_PROM: 00053770 len:112 
IAP_PROM: 000537e0 len:112 
IAP_PROM: 00053850 len:112 
IAP_PROM: 000538c0 len:112 
IAP_PROM: 00053930 len:112 
IAP_PROM: 000539a0 len:112 
IAP_PROM: 00053a10 len:112 
IAP_PROM: 00053a80 len:112 
IAP_PROM: 00053af0 len:112 
IAP_PROM: 00053b60 len:112 
IAP_PROM: 00053bd0 len:112 
IAP_PROM: 00053c40 len:112 
IAP_PROM: 00053cb0 len:112 
IAP_PROM: 00053d20 len:112 
IAP_PROM: 00053d90 len:112 
IAP_PROM: 00053e00 len:112 
IAP_PROM: 00053e70 len:112 
IAP_PROM: 00053ee0 len:112 
IAP_PROM: 00053f50 len:112 
IAP_PROM: 00053fc0 len:112 
IAP_PROM: 00054030 len:112 
IAP_PROM: 000540a0 len:112 
IAP_PROM: 00054110 len:112 
IAP_PROM: 00054180 len:112 
IAP_PROM: 000541f0 len:112 
IAP_PROM: 00054260 len:112 
IAP_PROM: 000542d0 len:112 
IAP_PROM: 00054340 len:112 
IAP_PROM: 000543b0 len:112 
IAP_PROM: 00054420 len:112 
IAP_PROM: 00054490 len:112 
IAP_PROM: 00054500 len:112 
IAP_PROM: 00054570 len:112 
IAP_PROM: 000545e0 len:112 
IAP_PROM: 00054650 len:112 
IAP_PROM: 000546c0 len:112 
IAP_PROM: 00054730 len:112 
IAP_PROM: 000547a0 len:112 
IAP_PROM: 00054810 len:112 
IAP_PROM: 00054880 len:112 
IAP_PROM: 000548f0 len:112 
IAP_PROM: 00054960 len:112 
IAP_PROM: 000549d0 len:112 
IAP_PROM: 00054a40 len:112 
IAP_PROM: 00054ab0 len:112 
IAP_PROM: 00054b20 len:112 
IAP_PROM: 00054b90 len:112 
IAP_PROM: 00054c00 len:112 
IAP_PROM: 00054c70 len:112 
IAP_PROM: 00054ce0 len:112 
IAP_PROM: 00054d50 len:112 
IAP_PROM: 00054dc0 len:112 
IAP_PROM: 00054e30 len:112 
IAP_PROM: 00054ea0 len:112 
IAP_PROM: 00054f10 len:112 
IAP_PROM: 00054f80 len:112 
IAP_PROM: 00054ff0 len:112 
IAP_PROM: 00055060 len:112 
IAP_PROM: 000550d0 len:112 
IAP_PROM: 00055140 len:112 
IAP_PROM: 000551b0 len:112 
IAP_PROM: 00055220 len:112 
IAP_PROM: 00055290 len:112 
IAP_PROM: 00055300 len:112 
IAP_PROM: 00055370 len:112 
IAP_PROM: 000553e0 len:112 
IAP_PROM: 00055450 len:112 
IAP_PROM: 000554c0 len:112 
IAP_PROM: 00055530 len:112 
IAP_PROM: 000555a0 len:112 
IAP_PROM: 00055610 len:112 
IAP_PROM: 00055680 len:112 
IAP_PROM: 000556f0 len:112 
IAP_PROM: 00055760 len:112 
IAP_PROM: 000557d0 len:112 
IAP_PROM: 00055840 len:112 
IAP_PROM: 000558b0 len:112 
IAP_PROM: 00055920 len:112 
IAP_PROM: 00055990 len:112 
IAP_PROM: 00055a00 len:112 
IAP_PROM: 00055a70 len:112 
IAP_PROM: 00055ae0 len:112 
IAP_PROM: 00055b50 len:112 
IAP_PROM: 00055bc0 len:112 
IAP_PROM: 00055c30 len:112 
IAP_PROM: 00055ca0 len:112 
IAP_PROM: 00055d10 len:112 
IAP_PROM: 00055d80 len:112 
IAP_PROM: 00055df0 len:112 
timestamp:1767240022
IAP_PROM: 00055e60 len:112 
IAP_PROM: 00055ed0 len:112 
IAP_PROM: 00055f40 len:112 
IAP_PROM: 00055fb0 len:112 
IAP_PROM: 00056020 len:112 
IAP_PROM: 00056090 len:112 
IAP_PROM: 00056100 len:112 
IAP_PROM: 00056170 len:112 
IAP_PROM: 000561e0 len:112 
IAP_PROM: 00056250 len:112 
IAP_PROM: 000562c0 len:112 
IAP_PROM: 00056330 len:112 
IAP_PROM: 000563a0 len:112 
IAP_PROM: 00056410 len:112 
IAP_PROM: 00056480 len:112 
IAP_PROM: 000564f0 len:112 
IAP_PROM: 00056560 len:112 
IAP_PROM: 000565d0 len:112 
IAP_PROM: 00056640 len:112 
IAP_PROM: 000566b0 len:112 
IAP_PROM: 00056720 len:112 
IAP_PROM: 00056790 len:112 
IAP_PROM: 00056800 len:112 
IAP_PROM: 00056870 len:112 
IAP_PROM: 000568e0 len:112 
IAP_PROM: 00056950 len:112 
IAP_PROM: 000569c0 len:112 
IAP_PROM: 00056a30 len:112 
IAP_PROM: 00056aa0 len:112 
IAP_PROM: 00056b10 len:112 
IAP_PROM: 00056b80 len:112 
IAP_PROM: 00056bf0 len:112 
IAP_PROM: 00056c60 len:112 
IAP_PROM: 00056cd0 len:112 
IAP_PROM: 00056d40 len:112 
IAP_PROM: 00056db0 len:112 
IAP_PROM: 00056e20 len:112 
IAP_PROM: 00056e90 len:112 
IAP_PROM: 00056f00 len:112 
IAP_PROM: 00056f70 len:112 
IAP_PROM: 00056fe0 len:112 
IAP_PROM: 00057050 len:112 
IAP_PROM: 000570c0 len:112 
IAP_PROM: 00057130 len:112 
IAP_PROM: 000571a0 len:112 
IAP_PROM: 00057210 len:112 
IAP_PROM: 00057280 len:112 
IAP_PROM: 000572f0 len:112 
IAP_PROM: 00057360 len:112 
IAP_PROM: 000573d0 len:112 
IAP_PROM: 00057440 len:112 
IAP_PROM: 000574b0 len:112 
IAP_PROM: 00057520 len:112 
IAP_PROM: 00057590 len:112 
IAP_PROM: 00057600 len:112 
IAP_PROM: 00057670 len:112 
IAP_PROM: 000576e0 len:112 
IAP_PROM: 00057750 len:112 
IAP_PROM: 000577c0 len:112 
IAP_PROM: 00057830 len:112 
IAP_PROM: 000578a0 len:112 
IAP_PROM: 00057910 len:112 
IAP_PROM: 00057980 len:112 
IAP_PROM: 000579f0 len:112 
IAP_PROM: 00057a60 len:112 
IAP_PROM: 00057ad0 len:112 
IAP_PROM: 00057b40 len:112 
IAP_PROM: 00057bb0 len:112 
IAP_PROM: 00057c20 len:112 
IAP_PROM: 00057c90 len:112 
IAP_PROM: 00057d00 len:112 
IAP_PROM: 00057d70 len:112 
IAP_PROM: 00057de0 len:112 
IAP_PROM: 00057e50 len:112 
IAP_PROM: 00057ec0 len:112 
IAP_PROM: 00057f30 len:112 
IAP_PROM: 00057fa0 len:112 
IAP_PROM: 00058010 len:112 
IAP_PROM: 00058080 len:112 
IAP_PROM: 000580f0 len:112 
IAP_PROM: 00058160 len:112 
IAP_PROM: 000581d0 len:112 
IAP_PROM: 00058240 len:112 
IAP_PROM: 000582b0 len:112 
IAP_PROM: 00058320 len:112 
IAP_PROM: 00058390 len:112 
IAP_PROM: 00058400 len:112 
IAP_PROM: 00058470 len:112 
IAP_PROM: 000584e0 len:112 
IAP_PROM: 00058550 len:112 
IAP_PROM: 000585c0 len:112 
IAP_PROM: 00058630 len:112 
IAP_PROM: 000586a0 len:112 
IAP_PROM: 00058710 len:112 
IAP_PROM: 00058780 len:112 
IAP_PROM: 000587f0 len:112 
IAP_PROM: 00058860 len:112 
IAP_PROM: 000588d0 len:112 
IAP_PROM: 00058940 len:112 
IAP_PROM: 000589b0 len:112 
IAP_PROM: 00058a20 len:112 
IAP_PROM: 00058a90 len:112 
IAP_PROM: 00058b00 len:112 
IAP_PROM: 00058b70 len:112 
IAP_PROM: 00058be0 len:112 
IAP_PROM: 00058c50 len:112 
IAP_PROM: 00058cc0 len:112 
IAP_PROM: 00058d30 len:112 
IAP_PROM: 00058da0 len:112 
IAP_PROM: 00058e10 len:112 
IAP_PROM: 00058e80 len:112 
IAP_PROM: 00058ef0 len:112 
timestamp:1767240023
IAP_PROM: 00058f60 len:112 
IAP_PROM: 00058fd0 len:112 
IAP_PROM: 00059040 len:112 
IAP_PROM: 000590b0 len:112 
IAP_PROM: 00059120 len:112 
IAP_PROM: 00059190 len:112 
IAP_PROM: 00059200 len:112 
IAP_PROM: 00059270 len:112 
IAP_PROM: 000592e0 len:112 
IAP_PROM: 00059350 len:112 
IAP_PROM: 000593c0 len:112 
IAP_PROM: 00059430 len:112 
IAP_PROM: 000594a0 len:112 
IAP_PROM: 00059510 len:112 
IAP_PROM: 00059580 len:112 
IAP_PROM: 000595f0 len:112 
IAP_PROM: 00059660 len:112 
IAP_PROM: 000596d0 len:112 
IAP_PROM: 00059740 len:112 
IAP_PROM: 000597b0 len:112 
IAP_PROM: 00059820 len:112 
IAP_PROM: 00059890 len:112 
IAP_PROM: 00059900 len:112 
IAP_PROM: 00059970 len:112 
IAP_PROM: 000599e0 len:112 
IAP_PROM: 00059a50 len:112 
IAP_PROM: 00059ac0 len:112 
IAP_PROM: 00059b30 len:112 
IAP_PROM: 00059ba0 len:112 
IAP_PROM: 00059c10 len:112 
IAP_PROM: 00059c80 len:112 
IAP_PROM: 00059cf0 len:112 
IAP_PROM: 00059d60 len:112 
IAP_PROM: 00059dd0 len:112 
IAP_PROM: 00059e40 len:112 
IAP_PROM: 00059eb0 len:112 
IAP_PROM: 00059f20 len:112 
IAP_PROM: 00059f90 len:112 
IAP_PROM: 0005a000 len:112 
IAP_PROM: 0005a070 len:112 
IAP_PROM: 0005a0e0 len:112 
IAP_PROM: 0005a150 len:112 
IAP_PROM: 0005a1c0 len:112 
IAP_PROM: 0005a230 len:112 
IAP_PROM: 0005a2a0 len:112 
IAP_PROM: 0005a310 len:112 
IAP_PROM: 0005a380 len:112 
IAP_PROM: 0005a3f0 len:112 
IAP_PROM: 0005a460 len:112 
IAP_PROM: 0005a4d0 len:112 
IAP_PROM: 0005a540 len:112 
IAP_PROM: 0005a5b0 len:112 
IAP_PROM: 0005a620 len:112 
IAP_PROM: 0005a690 len:112 
IAP_PROM: 0005a700 len:112 
IAP_PROM: 0005a770 len:112 
IAP_PROM: 0005a7e0 len:112 
IAP_PROM: 0005a850 len:112 
IAP_PROM: 0005a8c0 len:112 
IAP_PROM: 0005a930 len:112 
IAP_PROM: 0005a9a0 len:112 
IAP_PROM: 0005aa10 len:112 
IAP_PROM: 0005aa80 len:112 
IAP_PROM: 0005aaf0 len:112 
IAP_PROM: 0005ab60 len:112 
IAP_PROM: 0005abd0 len:112 
IAP_PROM: 0005ac40 len:112 
IAP_PROM: 0005acb0 len:112 
IAP_PROM: 0005ad20 len:112 
IAP_PROM: 0005ad90 len:112 
IAP_PROM: 0005ae00 len:112 
IAP_PROM: 0005ae70 len:112 
IAP_PROM: 0005aee0 len:112 
IAP_PROM: 0005af50 len:112 
IAP_PROM: 0005afc0 len:112 
IAP_PROM: 0005b030 len:112 
IAP_PROM: 0005b0a0 len:112 
IAP_PROM: 0005b110 len:112 
IAP_PROM: 0005b180 len:112 
IAP_PROM: 0005b1f0 len:112 
IAP_PROM: 0005b260 len:112 
IAP_PROM: 0005b2d0 len:112 
IAP_PROM: 0005b340 len:112 
IAP_PROM: 0005b3b0 len:112 
IAP_PROM: 0005b420 len:112 
IAP_PROM: 0005b490 len:112 
IAP_PROM: 0005b500 len:112 
IAP_PROM: 0005b570 len:112 
IAP_PROM: 0005b5e0 len:112 
IAP_VERIFY: 00037000 len:112 
IAP_VERIFY: 00037070 len:112 
IAP_VERIFY: 000370e0 len:112 
IAP_VERIFY: 00037150 len:112 
IAP_VERIFY: 000371c0 len:112 
IAP_VERIFY: 00037230 len:112 
IAP_VERIFY: 000372a0 len:112 
IAP_VERIFY: 00037310 len:112 
IAP_VERIFY: 00037380 len:112 
IAP_VERIFY: 000373f0 len:112 
IAP_VERIFY: 00037460 len:112 
IAP_VERIFY: 000374d0 len:112 
IAP_VERIFY: 00037540 len:112 
IAP_VERIFY: 000375b0 len:112 
IAP_VERIFY: 00037620 len:112 
IAP_VERIFY: 00037690 len:112 
IAP_VERIFY: 00037700 len:112 
IAP_VERIFY: 00037770 len:112 
IAP_VERIFY: 000377e0 len:112 
IAP_VERIFY: 00037850 len:112 
IAP_VERIFY: 000378c0 len:112 
IAP_VERIFY: 00037930 len:112 
IAP_VERIFY: 000379a0 len:112 
IAP_VERIFY: 00037a10 len:112 
IAP_VERIFY: 00037a80 len:112 
IAP_VERIFY: 00037af0 len:112 
IAP_VERIFY: 00037b60 len:112 
IAP_VERIFY: 00037bd0 len:112 
IAP_VERIFY: 00037c40 len:112 
IAP_VERIFY: 00037cb0 len:112 
IAP_VERIFY: 00037d20 len:112 
IAP_VERIFY: 00037d90 len:112 
IAP_VERIFY: 00037e00 len:112 
IAP_VERIFY: 00037e70 len:112 
IAP_VERIFY: 00037ee0 len:112 
IAP_VERIFY: 00037f50 len:112 
IAP_VERIFY: 00037fc0 len:112 
IAP_VERIFY: 00038030 len:112 
IAP_VERIFY: 000380a0 len:112 
IAP_VERIFY: 00038110 len:112 
IAP_VERIFY: 00038180 len:112 
timestamp:1767240024
IAP_VERIFY: 000381f0 len:112 
IAP_VERIFY: 00038260 len:112 
IAP_VERIFY: 000382d0 len:112 
IAP_VERIFY: 00038340 len:112 
IAP_VERIFY: 000383b0 len:112 
IAP_VERIFY: 00038420 len:112 
IAP_VERIFY: 00038490 len:112 
IAP_VERIFY: 00038500 len:112 
IAP_VERIFY: 00038570 len:112 
IAP_VERIFY: 000385e0 len:112 
IAP_VERIFY: 00038650 len:112 
IAP_VERIFY: 000386c0 len:112 
IAP_VERIFY: 00038730 len:112 
IAP_VERIFY: 000387a0 len:112 
IAP_VERIFY: 00038810 len:112 
IAP_VERIFY: 00038880 len:112 
IAP_VERIFY: 000388f0 len:112 
IAP_VERIFY: 00038960 len:112 
IAP_VERIFY: 000389d0 len:112 
IAP_VERIFY: 00038a40 len:112 
IAP_VERIFY: 00038ab0 len:112 
IAP_VERIFY: 00038b20 len:112 
IAP_VERIFY: 00038b90 len:112 
IAP_VERIFY: 00038c00 len:112 
IAP_VERIFY: 00038c70 len:112 
IAP_VERIFY: 00038ce0 len:112 
IAP_VERIFY: 00038d50 len:112 
IAP_VERIFY: 00038dc0 len:112 
IAP_VERIFY: 00038e30 len:112 
IAP_VERIFY: 00038ea0 len:112 
IAP_VERIFY: 00038f10 len:112 
IAP_VERIFY: 00038f80 len:112 
IAP_VERIFY: 00038ff0 len:112 
IAP_VERIFY: 00039060 len:112 
IAP_VERIFY: 000390d0 len:112 
IAP_VERIFY: 00039140 len:112 
IAP_VERIFY: 000391b0 len:112 
IAP_VERIFY: 00039220 len:112 
IAP_VERIFY: 00039290 len:112 
IAP_VERIFY: 00039300 len:112 
IAP_VERIFY: 00039370 len:112 
IAP_VERIFY: 000393e0 len:112 
IAP_VERIFY: 00039450 len:112 
IAP_VERIFY: 000394c0 len:112 
IAP_VERIFY: 00039530 len:112 
IAP_VERIFY: 000395a0 len:112 
IAP_VERIFY: 00039610 len:112 
IAP_VERIFY: 00039680 len:112 
IAP_VERIFY: 000396f0 len:112 
IAP_VERIFY: 00039760 len:112 
IAP_VERIFY: 000397d0 len:112 
IAP_VERIFY: 00039840 len:112 
IAP_VERIFY: 000398b0 len:112 
IAP_VERIFY: 00039920 len:112 
IAP_VERIFY: 00039990 len:112 
IAP_VERIFY: 00039a00 len:112 
IAP_VERIFY: 00039a70 len:112 
IAP_VERIFY: 00039ae0 len:112 
IAP_VERIFY: 00039b50 len:112 
IAP_VERIFY: 00039bc0 len:112 
IAP_VERIFY: 00039c30 len:112 
IAP_VERIFY: 00039ca0 len:112 
IAP_VERIFY: 00039d10 len:112 
IAP_VERIFY: 00039d80 len:112 
IAP_VERIFY: 00039df0 len:112 
IAP_VERIFY: 00039e60 len:112 
IAP_VERIFY: 00039ed0 len:112 
IAP_VERIFY: 00039f40 len:112 
IAP_VERIFY: 00039fb0 len:112 
IAP_VERIFY: 0003a020 len:112 
IAP_VERIFY: 0003a090 len:112 
IAP_VERIFY: 0003a100 len:112 
IAP_VERIFY: 0003a170 len:112 
IAP_VERIFY: 0003a1e0 len:112 
IAP_VERIFY: 0003a250 len:112 
IAP_VERIFY: 0003a2c0 len:112 
IAP_VERIFY: 0003a330 len:112 
IAP_VERIFY: 0003a3a0 len:112 
IAP_VERIFY: 0003a410 len:112 
IAP_VERIFY: 0003a480 len:112 
IAP_VERIFY: 0003a4f0 len:112 
IAP_VERIFY: 0003a560 len:112 
IAP_VERIFY: 0003a5d0 len:112 
IAP_VERIFY: 0003a640 len:112 
IAP_VERIFY: 0003a6b0 len:112 
IAP_VERIFY: 0003a720 len:112 
IAP_VERIFY: 0003a790 len:112 
IAP_VERIFY: 0003a800 len:112 
IAP_VERIFY: 0003a870 len:112 
IAP_VERIFY: 0003a8e0 len:112 
IAP_VERIFY: 0003a950 len:112 
IAP_VERIFY: 0003a9c0 len:112 
IAP_VERIFY: 0003aa30 len:112 
IAP_VERIFY: 0003aaa0 len:112 
IAP_VERIFY: 0003ab10 len:112 
IAP_VERIFY: 0003ab80 len:112 
IAP_VERIFY: 0003abf0 len:112 
IAP_VERIFY: 0003ac60 len:112 
IAP_VERIFY: 0003acd0 len:112 
IAP_VERIFY: 0003ad40 len:112 
IAP_VERIFY: 0003adb0 len:112 
IAP_VERIFY: 0003ae20 len:112 
IAP_VERIFY: 0003ae90 len:112 
IAP_VERIFY: 0003af00 len:112 
IAP_VERIFY: 0003af70 len:112 
IAP_VERIFY: 0003afe0 len:112 
IAP_VERIFY: 0003b050 len:112 
IAP_VERIFY: 0003b0c0 len:112 
IAP_VERIFY: 0003b130 len:112 
IAP_VERIFY: 0003b1a0 len:112 
IAP_VERIFY: 0003b210 len:112 
IAP_VERIFY: 0003b280 len:112 
IAP_VERIFY: 0003b2f0 len:112 
IAP_VERIFY: 0003b360 len:112 
IAP_VERIFY: 0003b3d0 len:112 
IAP_VERIFY: 0003b440 len:112 
IAP_VERIFY: 0003b4b0 len:112 
IAP_VERIFY: 0003b520 len:112 
IAP_VERIFY: 0003b590 len:112 
IAP_VERIFY: 0003b600 len:112 
IAP_VERIFY: 0003b670 len:112 
IAP_VERIFY: 0003b6e0 len:112 
IAP_VERIFY: 0003b750 len:112 
IAP_VERIFY: 0003b7c0 len:112 
IAP_VERIFY: 0003b830 len:112 
IAP_VERIFY: 0003b8a0 len:112 
IAP_VERIFY: 0003b910 len:112 
IAP_VERIFY: 0003b980 len:112 
IAP_VERIFY: 0003b9f0 len:112 
IAP_VERIFY: 0003ba60 len:112 
IAP_VERIFY: 0003bad0 len:112 
IAP_VERIFY: 0003bb40 len:112 
IAP_VERIFY: 0003bbb0 len:112 
IAP_VERIFY: 0003bc20 len:112 
IAP_VERIFY: 0003bc90 len:112 
IAP_VERIFY: 0003bd00 len:112 
IAP_VERIFY: 0003bd70 len:112 
IAP_VERIFY: 0003bde0 len:112 
IAP_VERIFY: 0003be50 len:112 
IAP_VERIFY: 0003bec0 len:112 
IAP_VERIFY: 0003bf30 len:112 
IAP_VERIFY: 0003bfa0 len:112 
IAP_VERIFY: 0003c010 len:112 
IAP_VERIFY: 0003c080 len:112 
IAP_VERIFY: 0003c0f0 len:112 
IAP_VERIFY: 0003c160 len:112 
IAP_VERIFY: 0003c1d0 len:112 
IAP_VERIFY: 0003c240 len:112 
IAP_VERIFY: 0003c2b0 len:112 
IAP_VERIFY: 0003c320 len:112 
IAP_VERIFY: 0003c390 len:112 
IAP_VERIFY: 0003c400 len:112 
IAP_VERIFY: 0003c470 len:112 
IAP_VERIFY: 0003c4e0 len:112 
IAP_VERIFY: 0003c550 len:112 
IAP_VERIFY: 0003c5c0 len:112 
IAP_VERIFY: 0003c630 len:112 
IAP_VERIFY: 0003c6a0 len:112 
IAP_VERIFY: 0003c710 len:112 
IAP_VERIFY: 0003c780 len:112 
IAP_VERIFY: 0003c7f0 len:112 
IAP_VERIFY: 0003c860 len:112 
IAP_VERIFY: 0003c8d0 len:112 
IAP_VERIFY: 0003c940 len:112 
timestamp:1767240025
IAP_VERIFY: 0003c9b0 len:112 
IAP_VERIFY: 0003ca20 len:112 
IAP_VERIFY: 0003ca90 len:112 
IAP_VERIFY: 0003cb00 len:112 
IAP_VERIFY: 0003cb70 len:112 
IAP_VERIFY: 0003cbe0 len:112 
IAP_VERIFY: 0003cc50 len:112 
IAP_VERIFY: 0003ccc0 len:112 
IAP_VERIFY: 0003cd30 len:112 
IAP_VERIFY: 0003cda0 len:112 
IAP_VERIFY: 0003ce10 len:112 
IAP_VERIFY: 0003ce80 len:112 
IAP_VERIFY: 0003cef0 len:112 
IAP_VERIFY: 0003cf60 len:112 
IAP_VERIFY: 0003cfd0 len:112 
IAP_VERIFY: 0003d040 len:112 
IAP_VERIFY: 0003d0b0 len:112 
IAP_VERIFY: 0003d120 len:112 
IAP_VERIFY: 0003d190 len:112 
IAP_VERIFY: 0003d200 len:112 
IAP_VERIFY: 0003d270 len:112 
IAP_VERIFY: 0003d2e0 len:112 
IAP_VERIFY: 0003d350 len:112 
IAP_VERIFY: 0003d3c0 len:112 
IAP_VERIFY: 0003d430 len:112 
IAP_VERIFY: 0003d4a0 len:112 
IAP_VERIFY: 0003d510 len:112 
IAP_VERIFY: 0003d580 len:112 
IAP_VERIFY: 0003d5f0 len:112 
IAP_VERIFY: 0003d660 len:112 
IAP_VERIFY: 0003d6d0 len:112 
IAP_VERIFY: 0003d740 len:112 
IAP_VERIFY: 0003d7b0 len:112 
IAP_VERIFY: 0003d820 len:112 
IAP_VERIFY: 0003d890 len:112 
IAP_VERIFY: 0003d900 len:112 
IAP_VERIFY: 0003d970 len:112 
IAP_VERIFY: 0003d9e0 len:112 
IAP_VERIFY: 0003da50 len:112 
IAP_VERIFY: 0003dac0 len:112 
IAP_VERIFY: 0003db30 len:112 
IAP_VERIFY: 0003dba0 len:112 
IAP_VERIFY: 0003dc10 len:112 
IAP_VERIFY: 0003dc80 len:112 
IAP_VERIFY: 0003dcf0 len:112 
IAP_VERIFY: 0003dd60 len:112 
IAP_VERIFY: 0003ddd0 len:112 
IAP_VERIFY: 0003de40 len:112 
IAP_VERIFY: 0003deb0 len:112 
IAP_VERIFY: 0003df20 len:112 
IAP_VERIFY: 0003df90 len:112 
IAP_VERIFY: 0003e000 len:112 
IAP_VERIFY: 0003e070 len:112 
IAP_VERIFY: 0003e0e0 len:112 
IAP_VERIFY: 0003e150 len:112 
IAP_VERIFY: 0003e1c0 len:112 
IAP_VERIFY: 0003e230 len:112 
IAP_VERIFY: 0003e2a0 len:112 
IAP_VERIFY: 0003e310 len:112 
IAP_VERIFY: 0003e380 len:112 
IAP_VERIFY: 0003e3f0 len:112 
IAP_VERIFY: 0003e460 len:112 
IAP_VERIFY: 0003e4d0 len:112 
IAP_VERIFY: 0003e540 len:112 
IAP_VERIFY: 0003e5b0 len:112 
IAP_VERIFY: 0003e620 len:112 
IAP_VERIFY: 0003e690 len:112 
IAP_VERIFY: 0003e700 len:112 
IAP_VERIFY: 0003e770 len:112 
IAP_VERIFY: 0003e7e0 len:112 
IAP_VERIFY: 0003e850 len:112 
IAP_VERIFY: 0003e8c0 len:112 
IAP_VERIFY: 0003e930 len:112 
IAP_VERIFY: 0003e9a0 len:112 
IAP_VERIFY: 0003ea10 len:112 
IAP_VERIFY: 0003ea80 len:112 
IAP_VERIFY: 0003eaf0 len:112 
IAP_VERIFY: 0003eb60 len:112 
IAP_VERIFY: 0003ebd0 len:112 
IAP_VERIFY: 0003ec40 len:112 
IAP_VERIFY: 0003ecb0 len:112 
IAP_VERIFY: 0003ed20 len:112 
IAP_VERIFY: 0003ed90 len:112 
IAP_VERIFY: 0003ee00 len:112 
IAP_VERIFY: 0003ee70 len:112 
IAP_VERIFY: 0003eee0 len:112 
IAP_VERIFY: 0003ef50 len:112 
IAP_VERIFY: 0003efc0 len:112 
IAP_VERIFY: 0003f030 len:112 
IAP_VERIFY: 0003f0a0 len:112 
IAP_VERIFY: 0003f110 len:112 
IAP_VERIFY: 0003f180 len:112 
IAP_VERIFY: 0003f1f0 len:112 
IAP_VERIFY: 0003f260 len:112 
IAP_VERIFY: 0003f2d0 len:112 
IAP_VERIFY: 0003f340 len:112 
IAP_VERIFY: 0003f3b0 len:112 
IAP_VERIFY: 0003f420 len:112 
IAP_VERIFY: 0003f490 len:112 
IAP_VERIFY: 0003f500 len:112 
IAP_VERIFY: 0003f570 len:112 
IAP_VERIFY: 0003f5e0 len:112 
IAP_VERIFY: 0003f650 len:112 
IAP_VERIFY: 0003f6c0 len:112 
IAP_VERIFY: 0003f730 len:112 
IAP_VERIFY: 0003f7a0 len:112 
IAP_VERIFY: 0003f810 len:112 
IAP_VERIFY: 0003f880 len:112 
IAP_VERIFY: 0003f8f0 len:112 
IAP_VERIFY: 0003f960 len:112 
IAP_VERIFY: 0003f9d0 len:112 
IAP_VERIFY: 0003fa40 len:112 
IAP_VERIFY: 0003fab0 len:112 
IAP_VERIFY: 0003fb20 len:112 
IAP_VERIFY: 0003fb90 len:112 
IAP_VERIFY: 0003fc00 len:112 
IAP_VERIFY: 0003fc70 len:112 
IAP_VERIFY: 0003fce0 len:112 
IAP_VERIFY: 0003fd50 len:112 
IAP_VERIFY: 0003fdc0 len:112 
IAP_VERIFY: 0003fe30 len:112 
IAP_VERIFY: 0003fea0 len:112 
IAP_VERIFY: 0003ff10 len:112 
IAP_VERIFY: 0003ff80 len:112 
IAP_VERIFY: 0003fff0 len:112 
IAP_VERIFY: 00040060 len:112 
IAP_VERIFY: 000400d0 len:112 
IAP_VERIFY: 00040140 len:112 
IAP_VERIFY: 000401b0 len:112 
IAP_VERIFY: 00040220 len:112 
IAP_VERIFY: 00040290 len:112 
IAP_VERIFY: 00040300 len:112 
IAP_VERIFY: 00040370 len:112 
IAP_VERIFY: 000403e0 len:112 
IAP_VERIFY: 00040450 len:112 
IAP_VERIFY: 000404c0 len:112 
IAP_VERIFY: 00040530 len:112 
IAP_VERIFY: 000405a0 len:112 
IAP_VERIFY: 00040610 len:112 
IAP_VERIFY: 00040680 len:112 
IAP_VERIFY: 000406f0 len:112 
IAP_VERIFY: 00040760 len:112 
IAP_VERIFY: 000407d0 len:112 
IAP_VERIFY: 00040840 len:112 
IAP_VERIFY: 000408b0 len:112 
IAP_VERIFY: 00040920 len:112 
IAP_VERIFY: 00040990 len:112 
IAP_VERIFY: 00040a00 len:112 
IAP_VERIFY: 00040a70 len:112 
IAP_VERIFY: 00040ae0 len:112 
IAP_VERIFY: 00040b50 len:112 
IAP_VERIFY: 00040bc0 len:112 
IAP_VERIFY: 00040c30 len:112 
IAP_VERIFY: 00040ca0 len:112 
IAP_VERIFY: 00040d10 len:112 
IAP_VERIFY: 00040d80 len:112 
IAP_VERIFY: 00040df0 len:112 
IAP_VERIFY: 00040e60 len:112 
IAP_VERIFY: 00040ed0 len:112 
IAP_VERIFY: 00040f40 len:112 
IAP_VERIFY: 00040fb0 len:112 
IAP_VERIFY: 00041020 len:112 
IAP_VERIFY: 00041090 len:112 
IAP_VERIFY: 00041100 len:112 
timestamp:1767240026
IAP_VERIFY: 00041170 len:112 
IAP_VERIFY: 000411e0 len:112 
IAP_VERIFY: 00041250 len:112 
IAP_VERIFY: 000412c0 len:112 
IAP_VERIFY: 00041330 len:112 
IAP_VERIFY: 000413a0 len:112 
IAP_VERIFY: 00041410 len:112 
IAP_VERIFY: 00041480 len:112 
IAP_VERIFY: 000414f0 len:112 
IAP_VERIFY: 00041560 len:112 
IAP_VERIFY: 000415d0 len:112 
IAP_VERIFY: 00041640 len:112 
IAP_VERIFY: 000416b0 len:112 
IAP_VERIFY: 00041720 len:112 
IAP_VERIFY: 00041790 len:112 
IAP_VERIFY: 00041800 len:112 
IAP_VERIFY: 00041870 len:112 
IAP_VERIFY: 000418e0 len:112 
IAP_VERIFY: 00041950 len:112 
IAP_VERIFY: 000419c0 len:112 
IAP_VERIFY: 00041a30 len:112 
IAP_VERIFY: 00041aa0 len:112 
IAP_VERIFY: 00041b10 len:112 
IAP_VERIFY: 00041b80 len:112 
IAP_VERIFY: 00041bf0 len:112 
IAP_VERIFY: 00041c60 len:112 
IAP_VERIFY: 00041cd0 len:112 
IAP_VERIFY: 00041d40 len:112 
IAP_VERIFY: 00041db0 len:112 
IAP_VERIFY: 00041e20 len:112 
IAP_VERIFY: 00041e90 len:112 
IAP_VERIFY: 00041f00 len:112 
IAP_VERIFY: 00041f70 len:112 
IAP_VERIFY: 00041fe0 len:112 
IAP_VERIFY: 00042050 len:112 
IAP_VERIFY: 000420c0 len:112 
IAP_VERIFY: 00042130 len:112 
IAP_VERIFY: 000421a0 len:112 
IAP_VERIFY: 00042210 len:112 
IAP_VERIFY: 00042280 len:112 
IAP_VERIFY: 000422f0 len:112 
IAP_VERIFY: 00042360 len:112 
IAP_VERIFY: 000423d0 len:112 
IAP_VERIFY: 00042440 len:112 
IAP_VERIFY: 000424b0 len:112 
IAP_VERIFY: 00042520 len:112 
IAP_VERIFY: 00042590 len:112 
IAP_VERIFY: 00042600 len:112 
IAP_VERIFY: 00042670 len:112 
IAP_VERIFY: 000426e0 len:112 
IAP_VERIFY: 00042750 len:112 
IAP_VERIFY: 000427c0 len:112 
IAP_VERIFY: 00042830 len:112 
IAP_VERIFY: 000428a0 len:112 
IAP_VERIFY: 00042910 len:112 
IAP_VERIFY: 00042980 len:112 
IAP_VERIFY: 000429f0 len:112 
IAP_VERIFY: 00042a60 len:112 
IAP_VERIFY: 00042ad0 len:112 
IAP_VERIFY: 00042b40 len:112 
IAP_VERIFY: 00042bb0 len:112 
IAP_VERIFY: 00042c20 len:112 
IAP_VERIFY: 00042c90 len:112 
IAP_VERIFY: 00042d00 len:112 
IAP_VERIFY: 00042d70 len:112 
IAP_VERIFY: 00042de0 len:112 
IAP_VERIFY: 00042e50 len:112 
IAP_VERIFY: 00042ec0 len:112 
IAP_VERIFY: 00042f30 len:112 
IAP_VERIFY: 00042fa0 len:112 
IAP_VERIFY: 00043010 len:112 
IAP_VERIFY: 00043080 len:112 
IAP_VERIFY: 000430f0 len:112 
IAP_VERIFY: 00043160 len:112 
IAP_VERIFY: 000431d0 len:112 
IAP_VERIFY: 00043240 len:112 
IAP_VERIFY: 000432b0 len:112 
IAP_VERIFY: 00043320 len:112 
IAP_VERIFY: 00043390 len:112 
IAP_VERIFY: 00043400 len:112 
IAP_VERIFY: 00043470 len:112 
IAP_VERIFY: 000434e0 len:112 
IAP_VERIFY: 00043550 len:112 
IAP_VERIFY: 000435c0 len:112 
IAP_VERIFY: 00043630 len:112 
IAP_VERIFY: 000436a0 len:112 
IAP_VERIFY: 00043710 len:112 
IAP_VERIFY: 00043780 len:112 
IAP_VERIFY: 000437f0 len:112 
IAP_VERIFY: 00043860 len:112 
IAP_VERIFY: 000438d0 len:112 
IAP_VERIFY: 00043940 len:112 
IAP_VERIFY: 000439b0 len:112 
IAP_VERIFY: 00043a20 len:112 
IAP_VERIFY: 00043a90 len:112 
IAP_VERIFY: 00043b00 len:112 
IAP_VERIFY: 00043b70 len:112 
IAP_VERIFY: 00043be0 len:112 
IAP_VERIFY: 00043c50 len:112 
IAP_VERIFY: 00043cc0 len:112 
IAP_VERIFY: 00043d30 len:112 
IAP_VERIFY: 00043da0 len:112 
IAP_VERIFY: 00043e10 len:112 
IAP_VERIFY: 00043e80 len:112 
IAP_VERIFY: 00043ef0 len:112 
IAP_VERIFY: 00043f60 len:112 
IAP_VERIFY: 00043fd0 len:112 
IAP_VERIFY: 00044040 len:112 
IAP_VERIFY: 000440b0 len:112 
IAP_VERIFY: 00044120 len:112 
IAP_VERIFY: 00044190 len:112 
IAP_VERIFY: 00044200 len:112 
IAP_VERIFY: 00044270 len:112 
IAP_VERIFY: 000442e0 len:112 
IAP_VERIFY: 00044350 len:112 
IAP_VERIFY: 000443c0 len:112 
IAP_VERIFY: 00044430 len:112 
IAP_VERIFY: 000444a0 len:112 
IAP_VERIFY: 00044510 len:112 
IAP_VERIFY: 00044580 len:112 
IAP_VERIFY: 000445f0 len:112 
IAP_VERIFY: 00044660 len:112 
IAP_VERIFY: 000446d0 len:112 
IAP_VERIFY: 00044740 len:112 
IAP_VERIFY: 000447b0 len:112 
IAP_VERIFY: 00044820 len:112 
IAP_VERIFY: 00044890 len:112 
IAP_VERIFY: 00044900 len:112 
IAP_VERIFY: 00044970 len:112 
IAP_VERIFY: 000449e0 len:112 
IAP_VERIFY: 00044a50 len:112 
IAP_VERIFY: 00044ac0 len:112 
IAP_VERIFY: 00044b30 len:112 
IAP_VERIFY: 00044ba0 len:112 
IAP_VERIFY: 00044c10 len:112 
IAP_VERIFY: 00044c80 len:112 
IAP_VERIFY: 00044cf0 len:112 
IAP_VERIFY: 00044d60 len:112 
IAP_VERIFY: 00044dd0 len:112 
IAP_VERIFY: 00044e40 len:112 
IAP_VERIFY: 00044eb0 len:112 
IAP_VERIFY: 00044f20 len:112 
IAP_VERIFY: 00044f90 len:112 
IAP_VERIFY: 00045000 len:112 
IAP_VERIFY: 00045070 len:112 
IAP_VERIFY: 000450e0 len:112 
IAP_VERIFY: 00045150 len:112 
IAP_VERIFY: 000451c0 len:112 
IAP_VERIFY: 00045230 len:112 
IAP_VERIFY: 000452a0 len:112 
IAP_VERIFY: 00045310 len:112 
IAP_VERIFY: 00045380 len:112 
IAP_VERIFY: 000453f0 len:112 
IAP_VERIFY: 00045460 len:112 
IAP_VERIFY: 000454d0 len:112 
IAP_VERIFY: 00045540 len:112 
IAP_VERIFY: 000455b0 len:112 
IAP_VERIFY: 00045620 len:112 
IAP_VERIFY: 00045690 len:112 
IAP_VERIFY: 00045700 len:112 
IAP_VERIFY: 00045770 len:112 
IAP_VERIFY: 000457e0 len:112 
timestamp:1767240027
IAP_VERIFY: 00045850 len:112 
IAP_VERIFY: 000458c0 len:112 
IAP_VERIFY: 00045930 len:112 
IAP_VERIFY: 000459a0 len:112 
IAP_VERIFY: 00045a10 len:112 
IAP_VERIFY: 00045a80 len:112 
IAP_VERIFY: 00045af0 len:112 
IAP_VERIFY: 00045b60 len:112 
IAP_VERIFY: 00045bd0 len:112 
IAP_VERIFY: 00045c40 len:112 
IAP_VERIFY: 00045cb0 len:112 
IAP_VERIFY: 00045d20 len:112 
IAP_VERIFY: 00045d90 len:112 
IAP_VERIFY: 00045e00 len:112 
IAP_VERIFY: 00045e70 len:112 
IAP_VERIFY: 00045ee0 len:112 
IAP_VERIFY: 00045f50 len:112 
IAP_VERIFY: 00045fc0 len:112 
IAP_VERIFY: 00046030 len:112 
IAP_VERIFY: 000460a0 len:112 
IAP_VERIFY: 00046110 len:112 
IAP_VERIFY: 00046180 len:112 
IAP_VERIFY: 000461f0 len:112 
IAP_VERIFY: 00046260 len:112 
IAP_VERIFY: 000462d0 len:112 
IAP_VERIFY: 00046340 len:112 
IAP_VERIFY: 000463b0 len:112 
IAP_VERIFY: 00046420 len:112 
IAP_VERIFY: 00046490 len:112 
IAP_VERIFY: 00046500 len:112 
IAP_VERIFY: 00046570 len:112 
IAP_VERIFY: 000465e0 len:112 
IAP_VERIFY: 00046650 len:112 
IAP_VERIFY: 000466c0 len:112 
IAP_VERIFY: 00046730 len:112 
IAP_VERIFY: 000467a0 len:112 
IAP_VERIFY: 00046810 len:112 
IAP_VERIFY: 00046880 len:112 
IAP_VERIFY: 000468f0 len:112 
IAP_VERIFY: 00046960 len:112 
IAP_VERIFY: 000469d0 len:112 
IAP_VERIFY: 00046a40 len:112 
IAP_VERIFY: 00046ab0 len:112 
IAP_VERIFY: 00046b20 len:112 
IAP_VERIFY: 00046b90 len:112 
IAP_VERIFY: 00046c00 len:112 
IAP_VERIFY: 00046c70 len:112 
IAP_VERIFY: 00046ce0 len:112 
IAP_VERIFY: 00046d50 len:112 
IAP_VERIFY: 00046dc0 len:112 
IAP_VERIFY: 00046e30 len:112 
IAP_VERIFY: 00046ea0 len:112 
IAP_VERIFY: 00046f10 len:112 
IAP_VERIFY: 00046f80 len:112 
IAP_VERIFY: 00046ff0 len:112 
IAP_VERIFY: 00047060 len:112 
IAP_VERIFY: 000470d0 len:112 
IAP_VERIFY: 00047140 len:112 
IAP_VERIFY: 000471b0 len:112 
IAP_VERIFY: 00047220 len:112 
IAP_VERIFY: 00047290 len:112 
IAP_VERIFY: 00047300 len:112 
IAP_VERIFY: 00047370 len:112 
IAP_VERIFY: 000473e0 len:112 
IAP_VERIFY: 00047450 len:112 
IAP_VERIFY: 000474c0 len:112 
IAP_VERIFY: 00047530 len:112 
IAP_VERIFY: 000475a0 len:112 
IAP_VERIFY: 00047610 len:112 
IAP_VERIFY: 00047680 len:112 
IAP_VERIFY: 000476f0 len:112 
IAP_VERIFY: 00047760 len:112 
IAP_VERIFY: 000477d0 len:112 
IAP_VERIFY: 00047840 len:112 
IAP_VERIFY: 000478b0 len:112 
IAP_VERIFY: 00047920 len:112 
IAP_VERIFY: 00047990 len:112 
IAP_VERIFY: 00047a00 len:112 
IAP_VERIFY: 00047a70 len:112 
IAP_VERIFY: 00047ae0 len:112 
IAP_VERIFY: 00047b50 len:112 
IAP_VERIFY: 00047bc0 len:112 
IAP_VERIFY: 00047c30 len:112 
IAP_VERIFY: 00047ca0 len:112 
IAP_VERIFY: 00047d10 len:112 
IAP_VERIFY: 00047d80 len:112 
IAP_VERIFY: 00047df0 len:112 
IAP_VERIFY: 00047e60 len:112 
IAP_VERIFY: 00047ed0 len:112 
IAP_VERIFY: 00047f40 len:112 
IAP_VERIFY: 00047fb0 len:112 
IAP_VERIFY: 00048020 len:112 
IAP_VERIFY: 00048090 len:112 
IAP_VERIFY: 00048100 len:112 
IAP_VERIFY: 00048170 len:112 
IAP_VERIFY: 000481e0 len:112 
IAP_VERIFY: 00048250 len:112 
IAP_VERIFY: 000482c0 len:112 
IAP_VERIFY: 00048330 len:112 
IAP_VERIFY: 000483a0 len:112 
IAP_VERIFY: 00048410 len:112 
IAP_VERIFY: 00048480 len:112 
IAP_VERIFY: 000484f0 len:112 
IAP_VERIFY: 00048560 len:112 
IAP_VERIFY: 000485d0 len:112 
IAP_VERIFY: 00048640 len:112 
IAP_VERIFY: 000486b0 len:112 
IAP_VERIFY: 00048720 len:112 
IAP_VERIFY: 00048790 len:112 
IAP_VERIFY: 00048800 len:112 
IAP_VERIFY: 00048870 len:112 
IAP_VERIFY: 000488e0 len:112 
IAP_VERIFY: 00048950 len:112 
IAP_VERIFY: 000489c0 len:112 
IAP_VERIFY: 00048a30 len:112 
IAP_VERIFY: 00048aa0 len:112 
IAP_VERIFY: 00048b10 len:112 
IAP_VERIFY: 00048b80 len:112 
IAP_VERIFY: 00048bf0 len:112 
IAP_VERIFY: 00048c60 len:112 
IAP_VERIFY: 00048cd0 len:112 
IAP_VERIFY: 00048d40 len:112 
IAP_VERIFY: 00048db0 len:112 
IAP_VERIFY: 00048e20 len:112 
IAP_VERIFY: 00048e90 len:112 
IAP_VERIFY: 00048f00 len:112 
IAP_VERIFY: 00048f70 len:112 
IAP_VERIFY: 00048fe0 len:112 
IAP_VERIFY: 00049050 len:112 
IAP_VERIFY: 000490c0 len:112 
IAP_VERIFY: 00049130 len:112 
IAP_VERIFY: 000491a0 len:112 
IAP_VERIFY: 00049210 len:112 
IAP_VERIFY: 00049280 len:112 
IAP_VERIFY: 000492f0 len:112 
IAP_VERIFY: 00049360 len:112 
IAP_VERIFY: 000493d0 len:112 
IAP_VERIFY: 00049440 len:112 
IAP_VERIFY: 000494b0 len:112 
IAP_VERIFY: 00049520 len:112 
IAP_VERIFY: 00049590 len:112 
IAP_VERIFY: 00049600 len:112 
IAP_VERIFY: 00049670 len:112 
IAP_VERIFY: 000496e0 len:112 
IAP_VERIFY: 00049750 len:112 
IAP_VERIFY: 000497c0 len:112 
IAP_VERIFY: 00049830 len:112 
IAP_VERIFY: 000498a0 len:112 
IAP_VERIFY: 00049910 len:112 
IAP_VERIFY: 00049980 len:112 
IAP_VERIFY: 000499f0 len:112 
IAP_VERIFY: 00049a60 len:112 
IAP_VERIFY: 00049ad0 len:112 
IAP_VERIFY: 00049b40 len:112 
IAP_VERIFY: 00049bb0 len:112 
IAP_VERIFY: 00049c20 len:112 
IAP_VERIFY: 00049c90 len:112 
IAP_VERIFY: 00049d00 len:112 
IAP_VERIFY: 00049d70 len:112 
IAP_VERIFY: 00049de0 len:112 
IAP_VERIFY: 00049e50 len:112 
IAP_VERIFY: 00049ec0 len:112 
IAP_VERIFY: 00049f30 len:112 
IAP_VERIFY: 00049fa0 len:112 
IAP_VERIFY: 0004a010 len:112 
IAP_VERIFY: 0004a080 len:112 
IAP_VERIFY: 0004a0f0 len:112 
IAP_VERIFY: 0004a160 len:112 
IAP_VERIFY: 0004a1d0 len:112 
IAP_VERIFY: 0004a240 len:112 
IAP_VERIFY: 0004a2b0 len:112 
IAP_VERIFY: 0004a320 len:112 
timestamp:1767240028
IAP_VERIFY: 0004a390 len:112 
IAP_VERIFY: 0004a400 len:112 
IAP_VERIFY: 0004a470 len:112 
IAP_VERIFY: 0004a4e0 len:112 
IAP_VERIFY: 0004a550 len:112 
IAP_VERIFY: 0004a5c0 len:112 
IAP_VERIFY: 0004a630 len:112 
IAP_VERIFY: 0004a6a0 len:112 
IAP_VERIFY: 0004a710 len:112 
IAP_VERIFY: 0004a780 len:112 
IAP_VERIFY: 0004a7f0 len:112 
IAP_VERIFY: 0004a860 len:112 
IAP_VERIFY: 0004a8d0 len:112 
IAP_VERIFY: 0004a940 len:112 
IAP_VERIFY: 0004a9b0 len:112 
IAP_VERIFY: 0004aa20 len:112 
IAP_VERIFY: 0004aa90 len:112 
IAP_VERIFY: 0004ab00 len:112 
IAP_VERIFY: 0004ab70 len:112 
IAP_VERIFY: 0004abe0 len:112 
IAP_VERIFY: 0004ac50 len:112 
IAP_VERIFY: 0004acc0 len:112 
IAP_VERIFY: 0004ad30 len:112 
IAP_VERIFY: 0004ada0 len:112 
IAP_VERIFY: 0004ae10 len:112 
IAP_VERIFY: 0004ae80 len:112 
IAP_VERIFY: 0004aef0 len:112 
IAP_VERIFY: 0004af60 len:112 
IAP_VERIFY: 0004afd0 len:112 
IAP_VERIFY: 0004b040 len:112 
IAP_VERIFY: 0004b0b0 len:112 
IAP_VERIFY: 0004b120 len:112 
IAP_VERIFY: 0004b190 len:112 
IAP_VERIFY: 0004b200 len:112 
IAP_VERIFY: 0004b270 len:112 
IAP_VERIFY: 0004b2e0 len:112 
IAP_VERIFY: 0004b350 len:112 
IAP_VERIFY: 0004b3c0 len:112 
IAP_VERIFY: 0004b430 len:112 
IAP_VERIFY: 0004b4a0 len:112 
IAP_VERIFY: 0004b510 len:112 
IAP_VERIFY: 0004b580 len:112 
IAP_VERIFY: 0004b5f0 len:112 
IAP_VERIFY: 0004b660 len:112 
IAP_VERIFY: 0004b6d0 len:112 
IAP_VERIFY: 0004b740 len:112 
IAP_VERIFY: 0004b7b0 len:112 
IAP_VERIFY: 0004b820 len:112 
IAP_VERIFY: 0004b890 len:112 
IAP_VERIFY: 0004b900 len:112 
IAP_VERIFY: 0004b970 len:112 
IAP_VERIFY: 0004b9e0 len:112 
IAP_VERIFY: 0004ba50 len:112 
IAP_VERIFY: 0004bac0 len:112 
IAP_VERIFY: 0004bb30 len:112 
IAP_VERIFY: 0004bba0 len:112 
IAP_VERIFY: 0004bc10 len:112 
IAP_VERIFY: 0004bc80 len:112 
IAP_VERIFY: 0004bcf0 len:112 
IAP_VERIFY: 0004bd60 len:112 
IAP_VERIFY: 0004bdd0 len:112 
IAP_VERIFY: 0004be40 len:112 
IAP_VERIFY: 0004beb0 len:112 
IAP_VERIFY: 0004bf20 len:112 
IAP_VERIFY: 0004bf90 len:112 
IAP_VERIFY: 0004c000 len:112 
IAP_VERIFY: 0004c070 len:112 
IAP_VERIFY: 0004c0e0 len:112 
IAP_VERIFY: 0004c150 len:112 
IAP_VERIFY: 0004c1c0 len:112 
IAP_VERIFY: 0004c230 len:112 
IAP_VERIFY: 0004c2a0 len:112 
IAP_VERIFY: 0004c310 len:112 
IAP_VERIFY: 0004c380 len:112 
IAP_VERIFY: 0004c3f0 len:112 
IAP_VERIFY: 0004c460 len:112 
IAP_VERIFY: 0004c4d0 len:112 
IAP_VERIFY: 0004c540 len:112 
IAP_VERIFY: 0004c5b0 len:112 
IAP_VERIFY: 0004c620 len:112 
IAP_VERIFY: 0004c690 len:112 
IAP_VERIFY: 0004c700 len:112 
IAP_VERIFY: 0004c770 len:112 
IAP_VERIFY: 0004c7e0 len:112 
IAP_VERIFY: 0004c850 len:112 
IAP_VERIFY: 0004c8c0 len:112 
IAP_VERIFY: 0004c930 len:112 
IAP_VERIFY: 0004c9a0 len:112 
IAP_VERIFY: 0004ca10 len:112 
IAP_VERIFY: 0004ca80 len:112 
IAP_VERIFY: 0004caf0 len:112 
IAP_VERIFY: 0004cb60 len:112 
IAP_VERIFY: 0004cbd0 len:112 
IAP_VERIFY: 0004cc40 len:112 
IAP_VERIFY: 0004ccb0 len:112 
IAP_VERIFY: 0004cd20 len:112 
IAP_VERIFY: 0004cd90 len:112 
IAP_VERIFY: 0004ce00 len:112 
IAP_VERIFY: 0004ce70 len:112 
IAP_VERIFY: 0004cee0 len:112 
IAP_VERIFY: 0004cf50 len:112 
IAP_VERIFY: 0004cfc0 len:112 
IAP_VERIFY: 0004d030 len:112 
IAP_VERIFY: 0004d0a0 len:112 
IAP_VERIFY: 0004d110 len:112 
IAP_VERIFY: 0004d180 len:112 
IAP_VERIFY: 0004d1f0 len:112 
IAP_VERIFY: 0004d260 len:112 
IAP_VERIFY: 0004d2d0 len:112 
IAP_VERIFY: 0004d340 len:112 
IAP_VERIFY: 0004d3b0 len:112 
IAP_VERIFY: 0004d420 len:112 
IAP_VERIFY: 0004d490 len:112 
IAP_VERIFY: 0004d500 len:112 
IAP_VERIFY: 0004d570 len:112 
IAP_VERIFY: 0004d5e0 len:112 
IAP_VERIFY: 0004d650 len:112 
IAP_VERIFY: 0004d6c0 len:112 
IAP_VERIFY: 0004d730 len:112 
IAP_VERIFY: 0004d7a0 len:112 
IAP_VERIFY: 0004d810 len:112 
IAP_VERIFY: 0004d880 len:112 
IAP_VERIFY: 0004d8f0 len:112 
IAP_VERIFY: 0004d960 len:112 
IAP_VERIFY: 0004d9d0 len:112 
IAP_VERIFY: 0004da40 len:112 
IAP_VERIFY: 0004dab0 len:112 
IAP_VERIFY: 0004db20 len:112 
IAP_VERIFY: 0004db90 len:112 
IAP_VERIFY: 0004dc00 len:112 
IAP_VERIFY: 0004dc70 len:112 
IAP_VERIFY: 0004dce0 len:112 
IAP_VERIFY: 0004dd50 len:112 
IAP_VERIFY: 0004ddc0 len:112 
IAP_VERIFY: 0004de30 len:112 
IAP_VERIFY: 0004dea0 len:112 
IAP_VERIFY: 0004df10 len:112 
IAP_VERIFY: 0004df80 len:112 
IAP_VERIFY: 0004dff0 len:112 
IAP_VERIFY: 0004e060 len:112 
IAP_VERIFY: 0004e0d0 len:112 
IAP_VERIFY: 0004e140 len:112 
IAP_VERIFY: 0004e1b0 len:112 
IAP_VERIFY: 0004e220 len:112 
IAP_VERIFY: 0004e290 len:112 
IAP_VERIFY: 0004e300 len:112 
IAP_VERIFY: 0004e370 len:112 
IAP_VERIFY: 0004e3e0 len:112 
IAP_VERIFY: 0004e450 len:112 
IAP_VERIFY: 0004e4c0 len:112 
IAP_VERIFY: 0004e530 len:112 
IAP_VERIFY: 0004e5a0 len:112 
IAP_VERIFY: 0004e610 len:112 
IAP_VERIFY: 0004e680 len:112 
IAP_VERIFY: 0004e6f0 len:112 
IAP_VERIFY: 0004e760 len:112 
IAP_VERIFY: 0004e7d0 len:112 
IAP_VERIFY: 0004e840 len:112 
IAP_VERIFY: 0004e8b0 len:112 
IAP_VERIFY: 0004e920 len:112 
IAP_VERIFY: 0004e990 len:112 
IAP_VERIFY: 0004ea00 len:112 
IAP_VERIFY: 0004ea70 len:112 
IAP_VERIFY: 0004eae0 len:112 
IAP_VERIFY: 0004eb50 len:112 
IAP_VERIFY: 0004ebc0 len:112 
IAP_VERIFY: 0004ec30 len:112 
IAP_VERIFY: 0004eca0 len:112 
IAP_VERIFY: 0004ed10 len:112 
IAP_VERIFY: 0004ed80 len:112 
IAP_VERIFY: 0004edf0 len:112 
timestamp:1767240029
IAP_VERIFY: 0004ee60 len:112 
IAP_VERIFY: 0004eed0 len:112 
IAP_VERIFY: 0004ef40 len:112 
IAP_VERIFY: 0004efb0 len:112 
IAP_VERIFY: 0004f020 len:112 
IAP_VERIFY: 0004f090 len:112 
IAP_VERIFY: 0004f100 len:112 
IAP_VERIFY: 0004f170 len:112 
IAP_VERIFY: 0004f1e0 len:112 
IAP_VERIFY: 0004f250 len:112 
IAP_VERIFY: 0004f2c0 len:112 
IAP_VERIFY: 0004f330 len:112 
IAP_VERIFY: 0004f3a0 len:112 
IAP_VERIFY: 0004f410 len:112 
IAP_VERIFY: 0004f480 len:112 
IAP_VERIFY: 0004f4f0 len:112 
IAP_VERIFY: 0004f560 len:112 
IAP_VERIFY: 0004f5d0 len:112 
IAP_VERIFY: 0004f640 len:112 
IAP_VERIFY: 0004f6b0 len:112 
IAP_VERIFY: 0004f720 len:112 
IAP_VERIFY: 0004f790 len:112 
IAP_VERIFY: 0004f800 len:112 
IAP_VERIFY: 0004f870 len:112 
IAP_VERIFY: 0004f8e0 len:112 
IAP_VERIFY: 0004f950 len:112 
IAP_VERIFY: 0004f9c0 len:112 
IAP_VERIFY: 0004fa30 len:112 
IAP_VERIFY: 0004faa0 len:112 
IAP_VERIFY: 0004fb10 len:112 
IAP_VERIFY: 0004fb80 len:112 
IAP_VERIFY: 0004fbf0 len:112 
IAP_VERIFY: 0004fc60 len:112 
IAP_VERIFY: 0004fcd0 len:112 
IAP_VERIFY: 0004fd40 len:112 
IAP_VERIFY: 0004fdb0 len:112 
IAP_VERIFY: 0004fe20 len:112 
IAP_VERIFY: 0004fe90 len:112 
IAP_VERIFY: 0004ff00 len:112 
IAP_VERIFY: 0004ff70 len:112 
IAP_VERIFY: 0004ffe0 len:112 
IAP_VERIFY: 00050050 len:112 
IAP_VERIFY: 000500c0 len:112 
IAP_VERIFY: 00050130 len:112 
IAP_VERIFY: 000501a0 len:112 
IAP_VERIFY: 00050210 len:112 
IAP_VERIFY: 00050280 len:112 
IAP_VERIFY: 000502f0 len:112 
IAP_VERIFY: 00050360 len:112 
IAP_VERIFY: 000503d0 len:112 
IAP_VERIFY: 00050440 len:112 
IAP_VERIFY: 000504b0 len:112 
IAP_VERIFY: 00050520 len:112 
IAP_VERIFY: 00050590 len:112 
IAP_VERIFY: 00050600 len:112 
IAP_VERIFY: 00050670 len:112 
IAP_VERIFY: 000506e0 len:112 
IAP_VERIFY: 00050750 len:112 
IAP_VERIFY: 000507c0 len:112 
IAP_VERIFY: 00050830 len:112 
IAP_VERIFY: 000508a0 len:112 
IAP_VERIFY: 00050910 len:112 
IAP_VERIFY: 00050980 len:112 
IAP_VERIFY: 000509f0 len:112 
IAP_VERIFY: 00050a60 len:112 
IAP_VERIFY: 00050ad0 len:112 
IAP_VERIFY: 00050b40 len:112 
IAP_VERIFY: 00050bb0 len:112 
IAP_VERIFY: 00050c20 len:112 
IAP_VERIFY: 00050c90 len:112 
IAP_VERIFY: 00050d00 len:112 
IAP_VERIFY: 00050d70 len:112 
IAP_VERIFY: 00050de0 len:112 
IAP_VERIFY: 00050e50 len:112 
IAP_VERIFY: 00050ec0 len:112 
IAP_VERIFY: 00050f30 len:112 
IAP_VERIFY: 00050fa0 len:112 
IAP_VERIFY: 00051010 len:112 
IAP_VERIFY: 00051080 len:112 
IAP_VERIFY: 000510f0 len:112 
IAP_VERIFY: 00051160 len:112 
IAP_VERIFY: 000511d0 len:112 
IAP_VERIFY: 00051240 len:112 
IAP_VERIFY: 000512b0 len:112 
IAP_VERIFY: 00051320 len:112 
IAP_VERIFY: 00051390 len:112 
IAP_VERIFY: 00051400 len:112 
IAP_VERIFY: 00051470 len:112 
IAP_VERIFY: 000514e0 len:112 
IAP_VERIFY: 00051550 len:112 
IAP_VERIFY: 000515c0 len:112 
IAP_VERIFY: 00051630 len:112 
IAP_VERIFY: 000516a0 len:112 
IAP_VERIFY: 00051710 len:112 
IAP_VERIFY: 00051780 len:112 
IAP_VERIFY: 000517f0 len:112 
IAP_VERIFY: 00051860 len:112 
IAP_VERIFY: 000518d0 len:112 
IAP_VERIFY: 00051940 len:112 
IAP_VERIFY: 000519b0 len:112 
IAP_VERIFY: 00051a20 len:112 
IAP_VERIFY: 00051a90 len:112 
IAP_VERIFY: 00051b00 len:112 
IAP_VERIFY: 00051b70 len:112 
IAP_VERIFY: 00051be0 len:112 
IAP_VERIFY: 00051c50 len:112 
IAP_VERIFY: 00051cc0 len:112 
IAP_VERIFY: 00051d30 len:112 
IAP_VERIFY: 00051da0 len:112 
IAP_VERIFY: 00051e10 len:112 
IAP_VERIFY: 00051e80 len:112 
IAP_VERIFY: 00051ef0 len:112 
IAP_VERIFY: 00051f60 len:112 
IAP_VERIFY: 00051fd0 len:112 
IAP_VERIFY: 00052040 len:112 
IAP_VERIFY: 000520b0 len:112 
IAP_VERIFY: 00052120 len:112 
IAP_VERIFY: 00052190 len:112 
IAP_VERIFY: 00052200 len:112 
IAP_VERIFY: 00052270 len:112 
IAP_VERIFY: 000522e0 len:112 
IAP_VERIFY: 00052350 len:112 
IAP_VERIFY: 000523c0 len:112 
IAP_VERIFY: 00052430 len:112 
IAP_VERIFY: 000524a0 len:112 
IAP_VERIFY: 00052510 len:112 
IAP_VERIFY: 00052580 len:112 
IAP_VERIFY: 000525f0 len:112 
IAP_VERIFY: 00052660 len:112 
IAP_VERIFY: 000526d0 len:112 
IAP_VERIFY: 00052740 len:112 
IAP_VERIFY: 000527b0 len:112 
IAP_VERIFY: 00052820 len:112 
IAP_VERIFY: 00052890 len:112 
IAP_VERIFY: 00052900 len:112 
IAP_VERIFY: 00052970 len:112 
IAP_VERIFY: 000529e0 len:112 
IAP_VERIFY: 00052a50 len:112 
IAP_VERIFY: 00052ac0 len:112 
IAP_VERIFY: 00052b30 len:112 
IAP_VERIFY: 00052ba0 len:112 
IAP_VERIFY: 00052c10 len:112 
IAP_VERIFY: 00052c80 len:112 
IAP_VERIFY: 00052cf0 len:112 
IAP_VERIFY: 00052d60 len:112 
IAP_VERIFY: 00052dd0 len:112 
IAP_VERIFY: 00052e40 len:112 
IAP_VERIFY: 00052eb0 len:112 
IAP_VERIFY: 00052f20 len:112 
IAP_VERIFY: 00052f90 len:112 
IAP_VERIFY: 00053000 len:112 
IAP_VERIFY: 00053070 len:112 
IAP_VERIFY: 000530e0 len:112 
IAP_VERIFY: 00053150 len:112 
IAP_VERIFY: 000531c0 len:112 
IAP_VERIFY: 00053230 len:112 
IAP_VERIFY: 000532a0 len:112 
IAP_VERIFY: 00053310 len:112 
IAP_VERIFY: 00053380 len:112 
timestamp:1767240030
IAP_VERIFY: 000533f0 len:112 
IAP_VERIFY: 00053460 len:112 
IAP_VERIFY: 000534d0 len:112 
IAP_VERIFY: 00053540 len:112 
IAP_VERIFY: 000535b0 len:112 
IAP_VERIFY: 00053620 len:112 
IAP_VERIFY: 00053690 len:112 
IAP_VERIFY: 00053700 len:112 
IAP_VERIFY: 00053770 len:112 
IAP_VERIFY: 000537e0 len:112 
IAP_VERIFY: 00053850 len:112 
IAP_VERIFY: 000538c0 len:112 
IAP_VERIFY: 00053930 len:112 
IAP_VERIFY: 000539a0 len:112 
IAP_VERIFY: 00053a10 len:112 
IAP_VERIFY: 00053a80 len:112 
IAP_VERIFY: 00053af0 len:112 
IAP_VERIFY: 00053b60 len:112 
IAP_VERIFY: 00053bd0 len:112 
IAP_VERIFY: 00053c40 len:112 
IAP_VERIFY: 00053cb0 len:112 
IAP_VERIFY: 00053d20 len:112 
IAP_VERIFY: 00053d90 len:112 
IAP_VERIFY: 00053e00 len:112 
IAP_VERIFY: 00053e70 len:112 
IAP_VERIFY: 00053ee0 len:112 
IAP_VERIFY: 00053f50 len:112 
IAP_VERIFY: 00053fc0 len:112 
IAP_VERIFY: 00054030 len:112 
IAP_VERIFY: 000540a0 len:112 
IAP_VERIFY: 00054110 len:112 
IAP_VERIFY: 00054180 len:112 
IAP_VERIFY: 000541f0 len:112 
IAP_VERIFY: 00054260 len:112 
IAP_VERIFY: 000542d0 len:112 
IAP_VERIFY: 00054340 len:112 
IAP_VERIFY: 000543b0 len:112 
IAP_VERIFY: 00054420 len:112 
IAP_VERIFY: 00054490 len:112 
IAP_VERIFY: 00054500 len:112 
IAP_VERIFY: 00054570 len:112 
IAP_VERIFY: 000545e0 len:112 
IAP_VERIFY: 00054650 len:112 
IAP_VERIFY: 000546c0 len:112 
IAP_VERIFY: 00054730 len:112 
IAP_VERIFY: 000547a0 len:112 
IAP_VERIFY: 00054810 len:112 
IAP_VERIFY: 00054880 len:112 
IAP_VERIFY: 000548f0 len:112 
IAP_VERIFY: 00054960 len:112 
IAP_VERIFY: 000549d0 len:112 
IAP_VERIFY: 00054a40 len:112 
IAP_VERIFY: 00054ab0 len:112 
IAP_VERIFY: 00054b20 len:112 
IAP_VERIFY: 00054b90 len:112 
IAP_VERIFY: 00054c00 len:112 
IAP_VERIFY: 00054c70 len:112 
IAP_VERIFY: 00054ce0 len:112 
IAP_VERIFY: 00054d50 len:112 
IAP_VERIFY: 00054dc0 len:112 
IAP_VERIFY: 00054e30 len:112 
IAP_VERIFY: 00054ea0 len:112 
IAP_VERIFY: 00054f10 len:112 
IAP_VERIFY: 00054f80 len:112 
IAP_VERIFY: 00054ff0 len:112 
IAP_VERIFY: 00055060 len:112 
IAP_VERIFY: 000550d0 len:112 
IAP_VERIFY: 00055140 len:112 
IAP_VERIFY: 000551b0 len:112 
IAP_VERIFY: 00055220 len:112 
IAP_VERIFY: 00055290 len:112 
IAP_VERIFY: 00055300 len:112 
IAP_VERIFY: 00055370 len:112 
IAP_VERIFY: 000553e0 len:112 
IAP_VERIFY: 00055450 len:112 
IAP_VERIFY: 000554c0 len:112 
IAP_VERIFY: 00055530 len:112 
IAP_VERIFY: 000555a0 len:112 
IAP_VERIFY: 00055610 len:112 
IAP_VERIFY: 00055680 len:112 
IAP_VERIFY: 000556f0 len:112 
IAP_VERIFY: 00055760 len:112 
IAP_VERIFY: 000557d0 len:112 
IAP_VERIFY: 00055840 len:112 
IAP_VERIFY: 000558b0 len:112 
IAP_VERIFY: 00055920 len:112 
IAP_VERIFY: 00055990 len:112 
IAP_VERIFY: 00055a00 len:112 
IAP_VERIFY: 00055a70 len:112 
IAP_VERIFY: 00055ae0 len:112 
IAP_VERIFY: 00055b50 len:112 
IAP_VERIFY: 00055bc0 len:112 
IAP_VERIFY: 00055c30 len:112 
IAP_VERIFY: 00055ca0 len:112 
IAP_VERIFY: 00055d10 len:112 
IAP_VERIFY: 00055d80 len:112 
IAP_VERIFY: 00055df0 len:112 
IAP_VERIFY: 00055e60 len:112 
IAP_VERIFY: 00055ed0 len:112 
IAP_VERIFY: 00055f40 len:112 
IAP_VERIFY: 00055fb0 len:112 
IAP_VERIFY: 00056020 len:112 
IAP_VERIFY: 00056090 len:112 
IAP_VERIFY: 00056100 len:112 
IAP_VERIFY: 00056170 len:112 
IAP_VERIFY: 000561e0 len:112 
IAP_VERIFY: 00056250 len:112 
IAP_VERIFY: 000562c0 len:112 
IAP_VERIFY: 00056330 len:112 
IAP_VERIFY: 000563a0 len:112 
IAP_VERIFY: 00056410 len:112 
IAP_VERIFY: 00056480 len:112 
IAP_VERIFY: 000564f0 len:112 
IAP_VERIFY: 00056560 len:112 
IAP_VERIFY: 000565d0 len:112 
IAP_VERIFY: 00056640 len:112 
IAP_VERIFY: 000566b0 len:112 
IAP_VERIFY: 00056720 len:112 
IAP_VERIFY: 00056790 len:112 
IAP_VERIFY: 00056800 len:112 
IAP_VERIFY: 00056870 len:112 
IAP_VERIFY: 000568e0 len:112 
IAP_VERIFY: 00056950 len:112 
IAP_VERIFY: 000569c0 len:112 
IAP_VERIFY: 00056a30 len:112 
IAP_VERIFY: 00056aa0 len:112 
IAP_VERIFY: 00056b10 len:112 
IAP_VERIFY: 00056b80 len:112 
IAP_VERIFY: 00056bf0 len:112 
IAP_VERIFY: 00056c60 len:112 
IAP_VERIFY: 00056cd0 len:112 
IAP_VERIFY: 00056d40 len:112 
IAP_VERIFY: 00056db0 len:112 
IAP_VERIFY: 00056e20 len:112 
IAP_VERIFY: 00056e90 len:112 
IAP_VERIFY: 00056f00 len:112 
IAP_VERIFY: 00056f70 len:112 
IAP_VERIFY: 00056fe0 len:112 
IAP_VERIFY: 00057050 len:112 
IAP_VERIFY: 000570c0 len:112 
IAP_VERIFY: 00057130 len:112 
IAP_VERIFY: 000571a0 len:112 
IAP_VERIFY: 00057210 len:112 
IAP_VERIFY: 00057280 len:112 
IAP_VERIFY: 000572f0 len:112 
IAP_VERIFY: 00057360 len:112 
IAP_VERIFY: 000573d0 len:112 
IAP_VERIFY: 00057440 len:112 
IAP_VERIFY: 000574b0 len:112 
IAP_VERIFY: 00057520 len:112 
IAP_VERIFY: 00057590 len:112 
IAP_VERIFY: 00057600 len:112 
IAP_VERIFY: 00057670 len:112 
IAP_VERIFY: 000576e0 len:112 
IAP_VERIFY: 00057750 len:112 
IAP_VERIFY: 000577c0 len:112 
IAP_VERIFY: 00057830 len:112 
IAP_VERIFY: 000578a0 len:112 
IAP_VERIFY: 00057910 len:112 
IAP_VERIFY: 00057980 len:112 
IAP_VERIFY: 000579f0 len:112 
IAP_VERIFY: 00057a60 len:112 
IAP_VERIFY: 00057ad0 len:112 
IAP_VERIFY: 00057b40 len:112 
timestamp:1767240031
IAP_VERIFY: 00057bb0 len:112 
IAP_VERIFY: 00057c20 len:112 
IAP_VERIFY: 00057c90 len:112 
IAP_VERIFY: 00057d00 len:112 
IAP_VERIFY: 00057d70 len:112 
IAP_VERIFY: 00057de0 len:112 
IAP_VERIFY: 00057e50 len:112 
IAP_VERIFY: 00057ec0 len:112 
IAP_VERIFY: 00057f30 len:112 
IAP_VERIFY: 00057fa0 len:112 
IAP_VERIFY: 00058010 len:112 
IAP_VERIFY: 00058080 len:112 
IAP_VERIFY: 000580f0 len:112 
IAP_VERIFY: 00058160 len:112 
IAP_VERIFY: 000581d0 len:112 
IAP_VERIFY: 00058240 len:112 
IAP_VERIFY: 000582b0 len:112 
IAP_VERIFY: 00058320 len:112 
IAP_VERIFY: 00058390 len:112 
IAP_VERIFY: 00058400 len:112 
IAP_VERIFY: 00058470 len:112 
IAP_VERIFY: 000584e0 len:112 
IAP_VERIFY: 00058550 len:112 
IAP_VERIFY: 000585c0 len:112 
IAP_VERIFY: 00058630 len:112 
IAP_VERIFY: 000586a0 len:112 
IAP_VERIFY: 00058710 len:112 
IAP_VERIFY: 00058780 len:112 
IAP_VERIFY: 000587f0 len:112 
IAP_VERIFY: 00058860 len:112 
IAP_VERIFY: 000588d0 len:112 
IAP_VERIFY: 00058940 len:112 
IAP_VERIFY: 000589b0 len:112 
IAP_VERIFY: 00058a20 len:112 
IAP_VERIFY: 00058a90 len:112 
IAP_VERIFY: 00058b00 len:112 
IAP_VERIFY: 00058b70 len:112 
IAP_VERIFY: 00058be0 len:112 
IAP_VERIFY: 00058c50 len:112 
IAP_VERIFY: 00058cc0 len:112 
IAP_VERIFY: 00058d30 len:112 
IAP_VERIFY: 00058da0 len:112 
IAP_VERIFY: 00058e10 len:112 
IAP_VERIFY: 00058e80 len:112 
IAP_VERIFY: 00058ef0 len:112 
IAP_VERIFY: 00058f60 len:112 
IAP_VERIFY: 00058fd0 len:112 
IAP_VERIFY: 00059040 len:112 
IAP_VERIFY: 000590b0 len:112 
IAP_VERIFY: 00059120 len:112 
IAP_VERIFY: 00059190 len:112 
IAP_VERIFY: 00059200 len:112 
IAP_VERIFY: 00059270 len:112 
IAP_VERIFY: 000592e0 len:112 
IAP_VERIFY: 00059350 len:112 
IAP_VERIFY: 000593c0 len:112 
IAP_VERIFY: 00059430 len:112 
IAP_VERIFY: 000594a0 len:112 
IAP_VERIFY: 00059510 len:112 
IAP_VERIFY: 00059580 len:112 
IAP_VERIFY: 000595f0 len:112 
IAP_VERIFY: 00059660 len:112 
IAP_VERIFY: 000596d0 len:112 
IAP_VERIFY: 00059740 len:112 
IAP_VERIFY: 000597b0 len:112 
IAP_VERIFY: 00059820 len:112 
IAP_VERIFY: 00059890 len:112 
IAP_VERIFY: 00059900 len:112 
IAP_VERIFY: 00059970 len:112 
IAP_VERIFY: 000599e0 len:112 
IAP_VERIFY: 00059a50 len:112 
IAP_VERIFY: 00059ac0 len:112 
IAP_VERIFY: 00059b30 len:112 
IAP_VERIFY: 00059ba0 len:112 
IAP_VERIFY: 00059c10 len:112 
IAP_VERIFY: 00059c80 len:112 
IAP_VERIFY: 00059cf0 len:112 
IAP_VERIFY: 00059d60 len:112 
IAP_VERIFY: 00059dd0 len:112 
IAP_VERIFY: 00059e40 len:112 
IAP_VERIFY: 00059eb0 len:112 
IAP_VERIFY: 00059f20 len:112 
IAP_VERIFY: 00059f90 len:112 
IAP_VERIFY: 0005a000 len:112 
IAP_VERIFY: 0005a070 len:112 
IAP_VERIFY: 0005a0e0 len:112 
IAP_VERIFY: 0005a150 len:112 
IAP_VERIFY: 0005a1c0 len:112 
IAP_VERIFY: 0005a230 len:112 
IAP_VERIFY: 0005a2a0 len:112 
IAP_VERIFY: 0005a310 len:112 
IAP_VERIFY: 0005a380 len:112 
IAP_VERIFY: 0005a3f0 len:112 
IAP_VERIFY: 0005a460 len:112 
IAP_VERIFY: 0005a4d0 len:112 
IAP_VERIFY: 0005a540 len:112 
IAP_VERIFY: 0005a5b0 len:112 
IAP_VERIFY: 0005a620 len:112 
IAP_VERIFY: 0005a690 len:112 
IAP_VERIFY: 0005a700 len:112 
IAP_VERIFY: 0005a770 len:112 
IAP_VERIFY: 0005a7e0 len:112 
IAP_VERIFY: 0005a850 len:112 
IAP_VERIFY: 0005a8c0 len:112 
IAP_VERIFY: 0005a930 len:112 
IAP_VERIFY: 0005a9a0 len:112 
IAP_VERIFY: 0005aa10 len:112 
IAP_VERIFY: 0005aa80 len:112 
IAP_VERIFY: 0005aaf0 len:112 
IAP_VERIFY: 0005ab60 len:112 
IAP_VERIFY: 0005abd0 len:112 
IAP_VERIFY: 0005ac40 len:112 
IAP_VERIFY: 0005acb0 len:112 
IAP_VERIFY: 0005ad20 len:112 
IAP_VERIFY: 0005ad90 len:112 
IAP_VERIFY: 0005ae00 len:112 
IAP_VERIFY: 0005ae70 len:112 
IAP_VERIFY: 0005aee0 len:112 
IAP_VERIFY: 0005af50 len:112 
IAP_VERIFY: 0005afc0 len:112 
IAP_VERIFY: 0005b030 len:112 
IAP_VERIFY: 0005b0a0 len:112 
IAP_VERIFY: 0005b110 len:112 
IAP_VERIFY: 0005b180 len:112 
IAP_VERIFY: 0005b1f0 len:112 
IAP_VERIFY: 0005b260 len:112 
IAP_VERIFY: 0005b2d0 len:112 
IAP_VERIFY: 0005b340 len:112 
IAP_VERIFY: 0005b3b0 len:112 
IAP_VERIFY: 0005b420 len:112 
IAP_VERIFY: 0005b490 len:112 
IAP_VERIFY: 0005b500 len:112 
IAP_VERIFY: 0005b570 len:112 
IAP_VERIFY: 0005b5e0 len:112 

<= [2026-02-26 11:34:28.688]: timestamp:1767240032

<= [2026-02-26 11:34:29.388]: OTA Send Comp 
IAP_END 
Image Flag 03

<= [2026-02-26 11:34:32.729]: CH58x_BLE_LIB_V2.13
Ciallo world ~ 
Initialized..
Advertising..
